ERROR in /Users/arademaker/work/cpdoc/dhbb/pal/1072.role <Diretas
ERROR in /Users/arademaker/work/cpdoc/dhbb/pal/10925.role <lixo Econômico-Financeira-Agricultura=removem>
ERROR in /Users/arademaker/work/cpdoc/dhbb/pal/11011.role <lixo Econômico-Financeira-Indústria=removeme=>
ERROR in /Users/arademaker/work/cpdoc/dhbb/pal/11215.role <lixo Econômico-Financeira-Industrial=removeme>
ERROR in /Users/arademaker/work/cpdoc/dhbb/pal/1756.role <Lei
ERROR in /Users/arademaker/work/cpdoc/dhbb/pal/1984.role <lixo político-jurídico-institucional=removeme>
ERROR in /Users/arademaker/work/cpdoc/dhbb/pal/2080.role <lixo piloto-observador-metralhador-militar=re>
ERROR in /Users/arademaker/work/cpdoc/dhbb/pal/2219.role <O
ERROR in /Users/arademaker/work/cpdoc/dhbb/pal/2684.role <lixo "popular-nacional-revolucionário=removem>
ERROR in /Users/arademaker/work/cpdoc/dhbb/pal/3048.role <lixo Hispano-Luso-Americano-Filipino=removeme>
ERROR in /Users/arademaker/work/cpdoc/dhbb/pal/3155.role <lixo comandante-em-chefe-da-esquadra=removeme>
ERROR in /Users/arademaker/work/cpdoc/dhbb/pal/3203.role <lixo Econômico-Financeira-Industrial=removeme>
ERROR in /Users/arademaker/work/cpdoc/dhbb/pal/3352.role <Brasil:
ERROR in /Users/arademaker/work/cpdoc/dhbb/pal/339.role <lixo Hispano-Luso-Americano-Filipino=removeme>
ERROR in /Users/arademaker/work/cpdoc/dhbb/pal/3789.role <lixo Ibero-Latino-Americano-Filipino=removeme>
ERROR in /Users/arademaker/work/cpdoc/dhbb/pal/4469.role <lixo Comunidade-Escola-Constituição=removeme=>
ERROR in /Users/arademaker/work/cpdoc/dhbb/pal/4781.role <lixo Hispano-Luso-Americano-Filipino=removeme>
ERROR in /Users/arademaker/work/cpdoc/dhbb/pal/506.role <Pró
ERROR in /Users/arademaker/work/cpdoc/dhbb/pal/5295.role <Reage,
ERROR in /Users/arademaker/work/cpdoc/dhbb/pal/5437.role <lixo Hispano-Luso-Filipino-Americano=removeme>
ERROR in /Users/arademaker/work/cpdoc/dhbb/pal/5459.role <lixo trabalhismo-nacionalismo-democracia=remo>
ERROR in /Users/arademaker/work/cpdoc/dhbb/pal/5513.role <lixo representante-permanente-suplente=remove>
ERROR in /Users/arademaker/work/cpdoc/dhbb/pal/5734.role <lixo popular-nacional-revolucionário=removeme>
ERROR in /Users/arademaker/work/cpdoc/dhbb/pal/5836.role <Correio
ERROR in /Users/arademaker/work/cpdoc/dhbb/pal/5838.role <Fora
ERROR in /Users/arademaker/work/cpdoc/dhbb/pal/5860.role <Pela
ERROR in /Users/arademaker/work/cpdoc/dhbb/pal/5863.role <lixo manifestação-repressão-protesto=removeme>
ERROR in /Users/arademaker/work/cpdoc/dhbb/pal/590.role <lixo Hispano-Luso-Americano-Filipino=removeme>
ERROR in /Users/arademaker/work/cpdoc/dhbb/pal/5934.role <Mata!¶
ERROR in /Users/arademaker/work/cpdoc/dhbb/pal/5935.role <Várias
ERROR in /Users/arademaker/work/cpdoc/dhbb/pal/6087.role <lixo Rondônia
ERROR in /Users/arademaker/work/cpdoc/dhbb/pal/6333.role <Bota
ERROR in /Users/arademaker/work/cpdoc/dhbb/pal/8726.role <Reage
