token="Justiça e Educação e Saúde" file=2694.conllu sent_id=56 tipo=ORGANIZATION status=OK
token="João Neves" file=2694.conllu sent_id=65 tipo=PERSON status=OK
token="Lucas Lopes" file=2694.conllu sent_id=67 tipo=PERSON status=OK
token="João Neves da Fontoura" file=2694.conllu sent_id=65 tipo=PERSON status=OK
token="24 de agosto de 1953" file=2694.conllu sent_id=96 tipo=TIME status=OK
token="novembro do mesmo ano" file=2694.conllu sent_id=101 tipo=TIME status=OK
token="Lucas Lopes" file=2694.conllu sent_id=67 tipo=PERSON status=OK
token="Lúcio Meira" file=2694.conllu sent_id=106 tipo=PERSON status=OK
token="13 de agosto" file=2694.conllu sent_id=107 tipo=TIME status=OK
token="Estados Unidos" file=2694.conllu sent_id=107 tipo=LOCAL status=ERROR_EXEC
token="9 de dezembro de 1959" file=2694.conllu sent_id=113 tipo=TIME status=OK
token="1961 e 45" file=2694.conllu sent_id=114 tipo=TIME status=OK
token="Novas Medidas" file=2694.conllu sent_id=129 tipo=LOCAL status=OK
token="Aliança para o Progresso" file=2694.conllu sent_id=131 tipo=POL status=OK
token="29 de junho de 1965" file=2694.conllu sent_id=141 tipo=TIME status=OK
token="10 de março" file=2694.conllu sent_id=24 tipo=TIME status=OK
token="Gouveia Vieira" file=5584.conllu sent_id=1 tipo=PERSON status=OK
token="Braskem, Petrobras e Ultra" file=5584.conllu sent_id=1 tipo=ORGANIZATION status=ERROR_EXEC
token="Gouveia Vieira" file=5584.conllu sent_id=1 tipo=PERSON status=OK
token="Conselho Permanente de Educação da CNI" file=5584.conllu sent_id=37 tipo=ORGANIZATION status=OK
token="Banco Sogeral S.A." file=5584.conllu sent_id=38 tipo=ORGANIZATION status=OK
token="Ipiranga Petroquímica S.A." file=5584.conllu sent_id=38 tipo=ORGANIZATION status=OK
token="Petroquim S.A." file=5584.conllu sent_id=38 tipo=ORGANIZATION status=OK
token="Firjan intensificar" file=5584.conllu sent_id=8 tipo=ORGANIZATION status=OK
token="3 de junho de 1947" file=5584.conllu sent_id=1 tipo=TIME status=OK
token="Pequena Empresa" file=5584.conllu sent_id=15 tipo=PERSON status=OK
token="1º de fevereiro de 1999" file=3268.conllu sent_id=31 tipo=TIME status=OK
token="Trabalho, Administração e Serviço Público" file=3268.conllu sent_id=31 tipo=ORGANIZATION status=ERROR_EXEC
token="Sepúlveda Pertence" file=3268.conllu sent_id=45 tipo=PERSON status=OK
token="King’s College" file=3268.conllu sent_id=45 tipo=LOCAL status=ERROR_EXEC
token="Mílton Bandeira de Lima" file=3268.conllu sent_id=22 tipo=PERSON status=OK
token="28 de janeiro" file=3268.conllu sent_id=30 tipo=TIME status=OK
token="16 de dezembro de 1880" file=3426.conllu sent_id=1 tipo=TIME status=OK
token="26 desse mês" file=3426.conllu sent_id=9 tipo=TIME status=OK
token="Álvaro Alberto" file=3426.conllu sent_id=11 tipo=PERSON status=OK
token="19 de junho de 1950" file=3426.conllu sent_id=13 tipo=TIME status=OK
token="26 de abril de 1954" file=11288.conllu sent_id=1 tipo=TIME status=OK
token="1979 a 1982" file=11288.conllu sent_id=2 tipo=TIME status=OK
token="junho de 1960 a 29 de agosto de 1960" file=633.conllu sent_id=4 tipo=TIME status=OK
token="16 de agosto de 1961 a 20 de novembro de 1961" file=633.conllu sent_id=4 tipo=TIME status=OK
token="3 de outubro de 1986" file=633.conllu sent_id=6 tipo=TIME status=OK
token="20 de maio de 1910" file=633.conllu sent_id=1 tipo=TIME status=OK
token="12 de março de 1982" file=4690.conllu sent_id=5 tipo=TIME status=OK
token="4 de julho de 1928" file=4690.conllu sent_id=1 tipo=TIME status=OK
token="12 de outubro de 1930" file=1022.conllu sent_id=1 tipo=TIME status=OK
token="novembro daquele" file=1022.conllu sent_id=21 tipo=TIME status=OK
token="27 de fevereiro de 1990" file=1022.conllu sent_id=23 tipo=TIME status=OK
token="Centro Liceal de Educação e Cultura" file=5524.conllu sent_id=3 tipo=ORGANIZATION status=OK
token="Em defesa da empresa pública" file=5524.conllu sent_id=44 tipo=DOC status=OK
token="Previdência: desequilíbrio ou reforma" file=5524.conllu sent_id=44 tipo=DOC status=ERROR_EXEC
token="Juscelino Kubitschek" file=5524.conllu sent_id=4 tipo=PERSON status=OK
token="18 de agosto de 1935" file=5524.conllu sent_id=1 tipo=TIME status=OK
token="Constituição, Justiça e Cidadania" file=5524.conllu sent_id=1 tipo=ORGANIZATION status=ERROR_EXEC
token="Planos, Orçamentos Públicos e Fiscalização" file=5524.conllu sent_id=1 tipo=ORGANIZATION status=ERROR_EXEC
token="2 de outubro" file=5524.conllu sent_id=17 tipo=TIME status=OK
token="Eduardo Andrade Vieira" file=5524.conllu sent_id=23 tipo=PERSON status=OK
token="30 do mesmo" file=1570.conllu sent_id=25 tipo=TIME status=OK
token="Anos JK" file=1570.conllu sent_id=31 tipo=DOC status=OK
token="3 de outubro de 1942" file=1570.conllu sent_id=1 tipo=TIME status=OK
token="Programas Especiais de Exportação" file=1570.conllu sent_id=11 tipo=ORGANIZATION status=OK
token="Média Empresa" file=1570.conllu sent_id=16 tipo=PERSON status=OK
token="novembro desse mesmo ano" file=23.conllu sent_id=3 tipo=TIME status=OK
token="1972 e 1974" file=23.conllu sent_id=8 tipo=TIME status=OK
token="19 de junho de 1943" file=23.conllu sent_id=1 tipo=TIME status=OK
token="25 de outubro de 1943" file=609.conllu sent_id=1 tipo=TIME status=OK
token="outubro de 1996" file=609.conllu sent_id=24 tipo=TIME status=OK
token="Deus, Pátria e Família" file=5990.conllu sent_id=24 tipo=DOC status=ERROR_EXEC
token="Adeus, Pátria e Família" file=5990.conllu sent_id=24 tipo=DOC status=ERROR_EXEC
token="dezembro de 1936" file=5990.conllu sent_id=23 tipo=TIME status=OK
token="Rubem Braga" file=5990.conllu sent_id=30 tipo=PERSON status=OK
token="09 de fevereiro" file=11345.conllu sent_id=5 tipo=TIME status=OK
token="Guilherme de Aquino" file=11345.conllu sent_id=8 tipo=ORGANIZATION status=OK
token="14 de janeiro de 1902" file=4542.conllu sent_id=1 tipo=TIME status=OK
token="6 de outubro de 1972" file=4542.conllu sent_id=7 tipo=TIME status=OK
token="Orçamento e Desenvolvimento Econômico" file=1911.conllu sent_id=7 tipo=ORGANIZATION status=OK
token="17 de abril de 1933" file=1911.conllu sent_id=1 tipo=TIME status=OK
token="14 de agosto de 1991" file=1911.conllu sent_id=20 tipo=TIME status=OK
token="Economia, Indústria e Comércio" file=4340.conllu sent_id=20 tipo=ORGANIZATION status=ERROR_EXEC
token="Seguridade Social e Família" file=4340.conllu sent_id=9 tipo=ORGANIZATION status=OK
token="janeiro/fevereiro de 1997" file=4340.conllu sent_id=9 tipo=TIME status=ERROR_EXEC
token="3 de maio de 1961" file=4340.conllu sent_id=1 tipo=TIME status=OK
token="José Sarney" file=4240.conllu sent_id=1 tipo=PERSON status=ERROR_EXEC
token="José Sarney" file=4240.conllu sent_id=1 tipo=PERSON status=ERROR_EXEC
token="29 de setembro de 1992" file=4240.conllu sent_id=66 tipo=TIME status=OK
token="São Borja" file=4240.conllu sent_id=1 tipo=LOCAL status=OK
token="Genebaldo Correia" file=4240.conllu sent_id=84 tipo=PERSON status=OK
token="1º de fevereiro de 2007" file=4240.conllu sent_id=105 tipo=TIME status=OK
token="Defesa Nacional" file=4240.conllu sent_id=106 tipo=ORGANIZATION status=OK
token="5 de julho de 1935" file=4240.conllu sent_id=1 tipo=TIME status=OK
token="José Sarney" file=4240.conllu sent_id=1 tipo=PERSON status=ERROR_EXEC
token="César Cals" file=6230.conllu sent_id=1 tipo=PERSON status=OK
token="César Cals" file=6230.conllu sent_id=1 tipo=PERSON status=OK
token="7 de junho de 1910" file=4916.conllu sent_id=1 tipo=TIME status=OK
token="Tribuna da Imprensa constantes" file=4916.conllu sent_id=7 tipo=ORGANIZATION status=OK
token="24 daquele" file=4916.conllu sent_id=10 tipo=TIME status=OK
token="Ato Institucional nº 1" file=4916.conllu sent_id=17 tipo=LAW status=OK
token="2 de novembro de 1983" file=4916.conllu sent_id=19 tipo=TIME status=OK
token="25 de abril de 1945" file=1378.conllu sent_id=1 tipo=TIME status=OK
token="Esperança e Mudança" file=1378.conllu sent_id=15 tipo=DOC status=OK
token="15 de março" file=1378.conllu sent_id=25 tipo=TIME status=OK
token="Orgânica dos Partidos Políticos" file=1378.conllu sent_id=26 tipo=DOC status=OK
token="Departamento de Municipalidades do estado do Rio" file=801.conllu sent_id=4 tipo=ORGANIZATION status=OK
token="Sudeletro S.A." file=801.conllu sent_id=10 tipo=ORGANIZATION status=OK
token="2 de junho de 1908" file=801.conllu sent_id=1 tipo=TIME status=OK
token="23 de fevereiro de 1996" file=801.conllu sent_id=11 tipo=TIME status=OK
token="13 de março de 1933" file=4029.conllu sent_id=1 tipo=TIME status=OK
token="Ferreira Lima" file=2886.conllu sent_id=1 tipo=PERSON status=OK
token="Direitos e Garantias do Homem e da Mulher" file=2886.conllu sent_id=36 tipo=ORGANIZATION status=OK
token="Popular da China" file=2886.conllu sent_id=47 tipo=ORGANIZATION status=OK
token="Fernando Collor" file=2886.conllu sent_id=48 tipo=PERSON status=OK
token="20 de setembro de 1940" file=2886.conllu sent_id=1 tipo=TIME status=OK
token="Ferreira Lima" file=2886.conllu sent_id=1 tipo=PERSON status=OK
token="ex-correligionário Jarbas Vasconcelos" file=2886.conllu sent_id=27 tipo=PERSON status=OK
token="23 de agosto de 1872" file=3211.conllu sent_id=1 tipo=TIME status=OK
token="Magalhães Barata" file=3211.conllu sent_id=7 tipo=PERSON status=OK
token="2 de abril de 1935" file=3211.conllu sent_id=12 tipo=TIME status=OK
token="Aniceto Francisco da Gama Malcher" file=3211.conllu sent_id=1 tipo=ORGANIZATION status=OK
token="Magalhães Barata" file=3211.conllu sent_id=7 tipo=PERSON status=OK
token="5 de abril" file=3211.conllu sent_id=14 tipo=TIME status=OK
token="12 de abril" file=3211.conllu sent_id=16 tipo=TIME status=OK
token="4 de maio" file=3211.conllu sent_id=20 tipo=TIME status=OK
token="Magalhães Barata" file=3211.conllu sent_id=7 tipo=PERSON status=OK
token="Magalhães Barata" file=3211.conllu sent_id=7 tipo=PERSON status=OK
token="25 de junho de 1956" file=3211.conllu sent_id=26 tipo=TIME status=OK
token="17 de maio de 1882" file=1830.conllu sent_id=1 tipo=TIME status=OK
token="23 de janeiro de 1972" file=1830.conllu sent_id=15 tipo=TIME status=OK
token="1959 a 1979" file=1010.conllu sent_id=4 tipo=TIME status=OK
token="mais de 27" file=11227.conllu sent_id=25 tipo=TIME status=OK
token="Roberto Rodrigues" file=11227.conllu sent_id=42 tipo=PERSON status=OK
token="Gestão Governamental" file=11227.conllu sent_id=43 tipo=ORGANIZATION status=OK
token="Antonio Palocci" file=11227.conllu sent_id=46 tipo=PERSON status=OK
token="Antonio Palocci" file=11227.conllu sent_id=46 tipo=PERSON status=OK
token="Antonio Palocci" file=11227.conllu sent_id=46 tipo=PERSON status=OK
token="Henrique Meireles" file=11227.conllu sent_id=48 tipo=PERSON status=OK
token="Operações Financeiras" file=11227.conllu sent_id=93 tipo=PERSON status=OK
token="7 de abril de 1949" file=11227.conllu sent_id=1 tipo=TIME status=OK
token="dois anos depois" file=26.conllu sent_id=5 tipo=TIME status=OK
token="8 de dezembro de 1944" file=26.conllu sent_id=1 tipo=TIME status=OK
token="Sistema Atual de Radiodifusão Ltda." file=26.conllu sent_id=7 tipo=ORGANIZATION status=OK
token="janeiro/fevereiro de 1997" file=26.conllu sent_id=7 tipo=TIME status=ERROR_EXEC
token="Maria Celina Calou de Sá" file=1909.conllu sent_id=1 tipo=PERSON status=OK
token="Cidade do Rio de Janeiro" file=11160.conllu sent_id=31 tipo=ORGANIZATION status=OK
token="Organização das Nações Unidas" file=11160.conllu sent_id=31 tipo=ORGANIZATION status=ERROR_EXEC
token="Clado Ribeiro de Lessa" file=11160.conllu sent_id=1 tipo=ORGANIZATION status=OK
token="Industrialização Brasileira" file=11160.conllu sent_id=17 tipo=ORGANIZATION status=OK
token="Abastecimento e Desenvolvimento Rural" file=11092.conllu sent_id=12 tipo=ORGANIZATION status=OK
token="outubro do mesmo ano" file=11092.conllu sent_id=20 tipo=TIME status=OK
token="Dourados Cada Vez Melhor" file=11092.conllu sent_id=22 tipo=ORGANIZATION status=OK
token="Santos e Terezinha" file=11092.conllu sent_id=1 tipo=ORGANIZATION status=OK
token="Delcídio do Amaral" file=11092.conllu sent_id=25 tipo=PERSON status=OK
token="dois anos depois" file=2559.conllu sent_id=2 tipo=TIME status=OK
token="outubro de 1990" file=2559.conllu sent_id=5 tipo=TIME status=OK
token="Economia, Indústria e Comércio" file=2559.conllu sent_id=5 tipo=ORGANIZATION status=ERROR_EXEC
token="29 de dezembro" file=2559.conllu sent_id=7 tipo=TIME status=OK
token="11 de outubro de 1938" file=2559.conllu sent_id=1 tipo=TIME status=OK
token="Ariosto Holanda" file=2559.conllu sent_id=1 tipo=PERSON status=OK
token="Secretaria de Ciência e Tecnologia do Ceará" file=2559.conllu sent_id=10 tipo=ORGANIZATION status=OK
token="Conselho de Altos Estudos e Avaliação Tecnológica" file=2559.conllu sent_id=16 tipo=ORGANIZATION status=OK
token="Ariosto Holanda" file=2559.conllu sent_id=1 tipo=PERSON status=OK
token="Ariosto Holanda" file=2559.conllu sent_id=1 tipo=PERSON status=OK
token="Financiadora de Estudos e Projetos" file=2559.conllu sent_id=20 tipo=ORGANIZATION status=OK
token="Lei nº 1.135" file=8793.conllu sent_id=20 tipo=LAW status=ERROR_EXEC
token="Lei nº 9.775" file=8793.conllu sent_id=20 tipo=LAW status=ERROR_EXEC
token="6 de dezembro" file=8793.conllu sent_id=27 tipo=TIME status=OK
token="Lei nº 200" file=8793.conllu sent_id=27 tipo=LAW status=ERROR_EXEC
token="Lei nº 348" file=8793.conllu sent_id=27 tipo=LAW status=ERROR_EXEC
token="Lei nº 900" file=8793.conllu sent_id=27 tipo=LAW status=ERROR_EXEC
token="Kubitschek de" file=211.conllu sent_id=27 tipo=PERSON status=OK
token="interino Carlos Luz" file=211.conllu sent_id=29 tipo=PERSON status=OK
token="Amaral Neto" file=211.conllu sent_id=1 tipo=PERSON status=OK
token="Amaral Neto" file=211.conllu sent_id=1 tipo=PERSON status=OK
token="Assembléia Legislativa" file=211.conllu sent_id=39 tipo=ORGANIZATION status=OK
token="Amaral Neto" file=211.conllu sent_id=1 tipo=PERSON status=OK
token="Amaral Neto" file=211.conllu sent_id=1 tipo=PERSON status=OK
token="Francisco Negrão de Lima" file=211.conllu sent_id=47 tipo=PERSON status=OK
token="Flexa Ribeiro" file=211.conllu sent_id=46 tipo=PERSON status=OK
token="Amaral Neto" file=211.conllu sent_id=1 tipo=PERSON status=OK
token="Dante de Oliveira" file=211.conllu sent_id=60 tipo=PERSON status=OK
token="Amaral Neto" file=211.conllu sent_id=1 tipo=PERSON status=OK
token="Amaral Neto" file=211.conllu sent_id=1 tipo=PERSON status=OK
token="Amaral Neto" file=211.conllu sent_id=1 tipo=PERSON status=OK
token="Amaral Neto" file=211.conllu sent_id=1 tipo=PERSON status=OK
token="Amaral Neto" file=211.conllu sent_id=1 tipo=PERSON status=OK
token="Amaral Neto" file=211.conllu sent_id=1 tipo=PERSON status=OK
token="Amaral Neto" file=211.conllu sent_id=1 tipo=PERSON status=OK
token="Amaral Neto" file=211.conllu sent_id=1 tipo=PERSON status=OK
token="Amaral Neto" file=211.conllu sent_id=1 tipo=PERSON status=OK
token="Amaral Neto" file=211.conllu sent_id=1 tipo=PERSON status=OK
token="Amaral Neto" file=211.conllu sent_id=1 tipo=PERSON status=OK
token="Amaral Neto" file=211.conllu sent_id=1 tipo=PERSON status=OK
token="Amaral Neto" file=211.conllu sent_id=1 tipo=PERSON status=OK
token="Amaral Neto" file=211.conllu sent_id=1 tipo=PERSON status=OK
token="Amaral Neto" file=211.conllu sent_id=1 tipo=PERSON status=OK
token="Amaral Neto" file=211.conllu sent_id=1 tipo=PERSON status=OK
token="Amaral Neto" file=211.conllu sent_id=1 tipo=PERSON status=OK
token="Amaral Neto" file=211.conllu sent_id=1 tipo=PERSON status=OK
token="Amaral Neto" file=211.conllu sent_id=1 tipo=PERSON status=OK
token="Amaral Neto" file=211.conllu sent_id=1 tipo=PERSON status=OK
token="dois meses antes" file=211.conllu sent_id=106 tipo=TIME status=OK
token="Amaral Neto" file=211.conllu sent_id=1 tipo=PERSON status=OK
token="novembro/dezembro de 1989" file=211.conllu sent_id=1 tipo=TIME status=ERROR_EXEC
token="Amaral Neto" file=211.conllu sent_id=1 tipo=PERSON status=OK
token="Meio Ambiente e Minorias" file=211.conllu sent_id=111 tipo=ORGANIZATION status=OK
token="Amaral Neto" file=211.conllu sent_id=1 tipo=PERSON status=OK
token="Amaral Neto" file=211.conllu sent_id=1 tipo=PERSON status=OK
token="Amaral Neto" file=211.conllu sent_id=1 tipo=PERSON status=OK
token="Amaral Neto" file=211.conllu sent_id=1 tipo=PERSON status=OK
token="Amaral Neto" file=211.conllu sent_id=1 tipo=PERSON status=OK
token="Amaral Neto" file=211.conllu sent_id=1 tipo=PERSON status=OK
token="Amaral Neto" file=211.conllu sent_id=1 tipo=PERSON status=OK
token="Amaral Neto" file=211.conllu sent_id=1 tipo=PERSON status=OK
token="Luciano Amaral" file=211.conllu sent_id=1 tipo=PERSON status=OK
token="Amaral Neto" file=211.conllu sent_id=1 tipo=PERSON status=OK
token="Amaral Neto" file=211.conllu sent_id=1 tipo=PERSON status=OK
token="Agricultura, Indústria e Comércio de Pernambuco" file=4830.conllu sent_id=1 tipo=ORGANIZATION status=ERROR_EXEC
token="5 de setembro de 1918" file=4830.conllu sent_id=1 tipo=TIME status=OK
token="10 de novembro de 1937" file=576.conllu sent_id=38 tipo=TIME status=OK
token="Indústria e Comércio" file=576.conllu sent_id=45 tipo=ORGANIZATION status=OK
token="Indústria e Comércio" file=576.conllu sent_id=45 tipo=ORGANIZATION status=OK
token="Para Todos" file=576.conllu sent_id=51 tipo=LOCAL status=OK
token="Economia de São Paulo" file=576.conllu sent_id=53 tipo=LOCAL status=OK
token="26 de março de 1995" file=576.conllu sent_id=56 tipo=TIME status=OK
token="22 de novembro de 1902" file=576.conllu sent_id=1 tipo=TIME status=OK
token="11 de novembro" file=576.conllu sent_id=25 tipo=TIME status=OK
token="16 de fevereiro de 1889" file=5694.conllu sent_id=1 tipo=TIME status=OK
token="28 de agosto de 1892" file=4176.conllu sent_id=1 tipo=TIME status=OK
token="Infância da Bahia" file=1526.conllu sent_id=3 tipo=ORGANIZATION status=OK
token="31 de janeiro de 1959" file=1526.conllu sent_id=14 tipo=TIME status=OK
token="7 de março de 1963" file=1526.conllu sent_id=16 tipo=TIME status=OK
token="7 de novembro de 1907" file=1526.conllu sent_id=1 tipo=TIME status=OK
token="Popular Autonomista" file=2457.conllu sent_id=7 tipo=ORGANIZATION status=OK
token="3 de novembro de 1965" file=2457.conllu sent_id=12 tipo=TIME status=OK
token="8 de março de 1921" file=4773.conllu sent_id=1 tipo=TIME status=OK
token="dois anos depois" file=4773.conllu sent_id=21 tipo=TIME status=OK
token="1º de fevereiro de 1999" file=4773.conllu sent_id=26 tipo=TIME status=OK
token="2 de janeiro de 2011" file=2032.conllu sent_id=32 tipo=TIME status=OK
token="27 de dezembro de 1930" file=2032.conllu sent_id=1 tipo=TIME status=OK
token="outubro desse ano" file=2032.conllu sent_id=12 tipo=TIME status=OK
token="outubro desse ano" file=2032.conllu sent_id=12 tipo=TIME status=OK
token="Comissão Especial" file=1844.conllu sent_id=15 tipo=ORGANIZATION status=OK
token="Livre Comércio das Américas" file=1844.conllu sent_id=36 tipo=ORGANIZATION status=OK
token="PTC Nesta" file=1844.conllu sent_id=38 tipo=ORGANIZATION status=OK
token="13 de julho de 1945" file=1844.conllu sent_id=1 tipo=TIME status=OK
token="Ferreira Carneiro" file=6089.conllu sent_id=1 tipo=PERSON status=OK
token="evangélico De Velasco" file=6089.conllu sent_id=36 tipo=PERSON status=OK
token="dois anos depois" file=6089.conllu sent_id=38 tipo=TIME status=OK
token="15 de setembro de 1894" file=2038.conllu sent_id=1 tipo=TIME status=OK
token="12 de fevereiro de 1975" file=2038.conllu sent_id=26 tipo=TIME status=OK
token="1942 a 1951" file=2038.conllu sent_id=2 tipo=TIME status=OK
token="27 de agosto de 1928" file=2020.conllu sent_id=1 tipo=TIME status=OK
token="24 de janeiro de 1993" file=2020.conllu sent_id=24 tipo=TIME status=OK
token="11 de outubro de 1913" file=4679.conllu sent_id=1 tipo=TIME status=OK
token="Elio Fischberg" file=10869.conllu sent_id=29 tipo=PERSON status=OK
token="1993 a 2007" file=10869.conllu sent_id=2 tipo=TIME status=OK
token="Rosinha Garotinho" file=10869.conllu sent_id=47 tipo=PERSON status=OK
token="Anthony Garotinho" file=10869.conllu sent_id=31 tipo=PERSON status=OK
token="14 de julho de 2013" file=10869.conllu sent_id=99 tipo=TIME status=OK
token="23 de junho de 2014" file=10869.conllu sent_id=122 tipo=TIME status=OK
token="Dois anos depois" file=10869.conllu sent_id=10 tipo=TIME status=OK
token="27 de janeiro de 1963" file=10869.conllu sent_id=1 tipo=TIME status=OK
token="19 de janeiro de 1901" file=1961.conllu sent_id=1 tipo=TIME status=OK
token="Indústria Têxtil" file=1584.conllu sent_id=5 tipo=ORGANIZATION status=OK
token="Agrícola Santa Luzia" file=1584.conllu sent_id=7 tipo=ORGANIZATION status=OK
token="12 de julho de 1971" file=1584.conllu sent_id=8 tipo=TIME status=OK
token="6 de julho de 1902" file=1584.conllu sent_id=1 tipo=TIME status=OK
token="Luís Inácio Lula da Silva" file=11175.conllu sent_id=2 tipo=PERSON status=OK
token="Lei do Senado" file=11175.conllu sent_id=15 tipo=LAW status=OK
token="goiano Demóstenes Torres" file=11175.conllu sent_id=17 tipo=PERSON status=OK
token="Lobão Filho" file=11175.conllu sent_id=1 tipo=PERSON status=OK
token="16 de maio de 1886" file=3544.conllu sent_id=1 tipo=TIME status=OK
token="1º de agosto de 1961" file=3544.conllu sent_id=13 tipo=TIME status=OK
token="Ato Institucional nº 2" file=762.conllu sent_id=6 tipo=LAW status=OK
token="9 de abril de 1936" file=762.conllu sent_id=1 tipo=TIME status=OK
token="fevereiro de 1973 a janeiro de 1975" file=762.conllu sent_id=16 tipo=TIME status=OK
token="Serviço Público e de Economia" file=762.conllu sent_id=17 tipo=ORGANIZATION status=OK
token="Finanças e Orçamento" file=762.conllu sent_id=12 tipo=ORGANIZATION status=OK
token="11 de maio desse mesmo ano" file=762.conllu sent_id=25 tipo=TIME status=OK
token="Educação, Cultura e Esportes" file=5063.conllu sent_id=25 tipo=ORGANIZATION status=ERROR_EXEC
token="Vieira da Silva" file=5063.conllu sent_id=1 tipo=PERSON status=OK
token="30 de julho de 2007" file=5063.conllu sent_id=34 tipo=TIME status=OK
token="11 de fevereiro de 1922" file=5063.conllu sent_id=1 tipo=TIME status=OK
token="Educação e Cultura e Parlamentar de Inquérito" file=5063.conllu sent_id=14 tipo=ORGANIZATION status=OK
token="Vieira da Silva" file=5063.conllu sent_id=1 tipo=PERSON status=OK
token="Vieira da Silva" file=5063.conllu sent_id=1 tipo=PERSON status=OK
token="Vieira da Silva" file=5063.conllu sent_id=1 tipo=PERSON status=OK
token="22 de outubro de 1940" file=3193.conllu sent_id=1 tipo=TIME status=OK
token="Direitos e Garantias do Homem e da Mulher" file=3193.conllu sent_id=13 tipo=ORGANIZATION status=OK
token="João Goulart" file=291.conllu sent_id=7 tipo=PERSON status=OK
token="João Goulart" file=291.conllu sent_id=7 tipo=PERSON status=OK
token="30 de agosto de 2009" file=291.conllu sent_id=64 tipo=TIME status=OK
token="25 de março de 1964" file=291.conllu sent_id=7 tipo=TIME status=OK
token="João Goulart" file=291.conllu sent_id=7 tipo=PERSON status=OK
token="13 de fevereiro de 1941" file=291.conllu sent_id=1 tipo=TIME status=OK
token="Cândido Aragão" file=291.conllu sent_id=11 tipo=PERSON status=OK
token="João Goulart" file=291.conllu sent_id=7 tipo=PERSON status=OK
token="Cândido Aragão" file=291.conllu sent_id=11 tipo=PERSON status=OK
token="27 de março" file=291.conllu sent_id=14 tipo=TIME status=OK
token="João Goulart" file=291.conllu sent_id=7 tipo=PERSON status=OK
token="Paulo Mário da Cunha Rodrigues" file=291.conllu sent_id=14 tipo=PERSON status=OK
token="Cândido Aragão" file=291.conllu sent_id=11 tipo=PERSON status=OK
token="29 de março" file=291.conllu sent_id=16 tipo=TIME status=OK
token="30 de março" file=291.conllu sent_id=17 tipo=TIME status=OK
token="João Goulart" file=291.conllu sent_id=7 tipo=PERSON status=OK
token="João Goulart" file=291.conllu sent_id=7 tipo=PERSON status=OK
token="Educação e Cultura" file=3236.conllu sent_id=13 tipo=ORGANIZATION status=OK
token="conselho administrativo" file=3236.conllu sent_id=25 tipo=ORGANIZATION status=OK
token="1944 a março do ano seguinte" file=3236.conllu sent_id=9 tipo=TIME status=OK
token="Educação e Saúde" file=3236.conllu sent_id=9 tipo=ORGANIZATION status=OK
token="22 de janeiro de 1916" file=3236.conllu sent_id=1 tipo=TIME status=OK
token="27 de março de 1939" file=5485.conllu sent_id=1 tipo=TIME status=OK
token="Ponta Grossa" file=11524.conllu sent_id=20 tipo=LOCAL status=OK
token="Curitiba Beto Richa" file=11524.conllu sent_id=24 tipo=LOCAL status=OK
token="Desenvolvimento Urbano e Meio Ambiente do Distrito Federal" file=11524.conllu sent_id=30 tipo=ORGANIZATION status=OK
token="unanimidade Cássio Taniguchi" file=11524.conllu sent_id=32 tipo=PERSON status=OK
token="Desenvolvimento Urbano e Meio Ambiente do Distrito Federal" file=11524.conllu sent_id=30 tipo=ORGANIZATION status=OK
token="Conselho Deliberativo do Ippuc" file=11524.conllu sent_id=39 tipo=ORGANIZATION status=OK
token="11 de novembro de 1899" file=2339.conllu sent_id=1 tipo=TIME status=OK
token="9 de dezembro de 1980" file=2339.conllu sent_id=20 tipo=TIME status=OK
token="Civilsan S.A." file=4125.conllu sent_id=20 tipo=ORGANIZATION status=ERROR_EXEC
token="10 de setembro de 1930" file=4125.conllu sent_id=1 tipo=TIME status=OK
token="Munhoz da Rocha" file=4639.conllu sent_id=1 tipo=PERSON status=OK
token="Munhoz da Rocha" file=4639.conllu sent_id=1 tipo=PERSON status=OK
token="Munhoz da Rocha" file=4639.conllu sent_id=1 tipo=PERSON status=OK
token="3 de maio de 1955" file=4639.conllu sent_id=34 tipo=TIME status=OK
token="José da Costa Porto" file=4639.conllu sent_id=35 tipo=PERSON status=OK
token="Munhoz da Rocha" file=4639.conllu sent_id=1 tipo=PERSON status=OK
token="11 de novembro" file=4639.conllu sent_id=45 tipo=TIME status=OK
token="Munhoz da Rocha" file=4639.conllu sent_id=1 tipo=PERSON status=OK
token="Jurandir de Bizarria Mamede" file=4639.conllu sent_id=46 tipo=PERSON status=OK
token="Nereu Ramos" file=4639.conllu sent_id=51 tipo=PERSON status=OK
token="Nereu Ramos" file=4639.conllu sent_id=51 tipo=PERSON status=OK
token="presidência da República" file=4639.conllu sent_id=51 tipo=ORGANIZATION status=ERROR_EXEC
token="Munhoz da Rocha" file=4639.conllu sent_id=1 tipo=PERSON status=OK
token="Munhoz da Rocha" file=4639.conllu sent_id=1 tipo=PERSON status=OK
token="presidência da República" file=4639.conllu sent_id=1 tipo=ORGANIZATION status=ERROR_EXEC
token="Arquitetura e Agronomia" file=4639.conllu sent_id=5 tipo=ORGANIZATION status=OK
token="Instituto Histórico e Geográfico" file=4639.conllu sent_id=61 tipo=ORGANIZATION status=OK
token="12 de novembro de 1973" file=4639.conllu sent_id=62 tipo=TIME status=OK
token="17 de dezembro de 1905" file=4639.conllu sent_id=1 tipo=TIME status=OK
token="Munhoz da Rocha" file=4639.conllu sent_id=1 tipo=PERSON status=OK
token="Caetano Munhoz da Rocha" file=4639.conllu sent_id=1 tipo=ORGANIZATION status=OK
token="2 de abril de 1955" file=4639.conllu sent_id=27 tipo=TIME status=OK
token="Munhoz da Rocha" file=4639.conllu sent_id=1 tipo=PERSON status=OK
token="Seixas Dória" file=1752.conllu sent_id=1 tipo=PERSON status=OK
token="Mário Covas" file=1752.conllu sent_id=43 tipo=PERSON status=OK
token="Seixas Dória" file=1752.conllu sent_id=1 tipo=PERSON status=OK
token="23 de fevereiro de 1917" file=1752.conllu sent_id=1 tipo=TIME status=OK
token="três meses depois" file=1752.conllu sent_id=14 tipo=TIME status=OK
token="12 de maio de 1949" file=10883.conllu sent_id=1 tipo=TIME status=OK
token="Meio Ambiente e Minorias" file=10883.conllu sent_id=17 tipo=ORGANIZATION status=OK
token="Desenvolvimento Sustentável do Amapá" file=10883.conllu sent_id=22 tipo=ORGANIZATION status=OK
token="Mota Lima" file=2908.conllu sent_id=1 tipo=PERSON status=OK
token="10 de novembro de 1937" file=2908.conllu sent_id=13 tipo=TIME status=OK
token="8 de março de 1948" file=2908.conllu sent_id=17 tipo=TIME status=OK
token="Mota Lima" file=2908.conllu sent_id=1 tipo=PERSON status=OK
token="Luís Paulo Conde" file=5150.conllu sent_id=36 tipo=PERSON status=OK
token="Garcia de Sousa" file=5150.conllu sent_id=1 tipo=PERSON status=OK
token="Centro Internacional para Iniciativas Ambientalistas Locais" file=5150.conllu sent_id=38 tipo=ORGANIZATION status=OK
token="Washington de" file=5150.conllu sent_id=7 tipo=LOCAL status=OK
token="1º de junho de 1927" file=5150.conllu sent_id=1 tipo=TIME status=OK
token="XXI sessões da Assembléia Geral da ONU" file=5150.conllu sent_id=17 tipo=ORGANIZATION status=OK
token="Oriente Próximo" file=5150.conllu sent_id=21 tipo=PERSON status=OK
token="13 de julho de 1918" file=1990.conllu sent_id=1 tipo=TIME status=OK
token="Quirino Ferreira" file=1990.conllu sent_id=1 tipo=PERSON status=OK
token="1995 a 1996" file=6016.conllu sent_id=21 tipo=TIME status=OK
token="Osvaldo Cordeiro de Farias" file=4539.conllu sent_id=37 tipo=PERSON status=OK
token="1946 a janeiro de 1947" file=4539.conllu sent_id=40 tipo=TIME status=OK
token="Osvaldo Cordeiro de Farias" file=4539.conllu sent_id=37 tipo=PERSON status=OK
token="Ribas Júnior" file=4539.conllu sent_id=1 tipo=PERSON status=OK
token="dezembro a general" file=4539.conllu sent_id=50 tipo=TIME status=OK
token="Ribas Júnior" file=4539.conllu sent_id=1 tipo=PERSON status=OK
token="Ribas Júnior" file=4539.conllu sent_id=1 tipo=PERSON status=OK
token="17 de maio de 1973" file=4539.conllu sent_id=64 tipo=TIME status=OK
token="7 de janeiro de 1897" file=4539.conllu sent_id=1 tipo=TIME status=OK
token="outubro de 1928" file=4539.conllu sent_id=13 tipo=TIME status=OK
token="1º RAM" file=4539.conllu sent_id=13 tipo=ORGANIZATION status=ERROR_EXEC
token="fevereiro a abril de 1938" file=4539.conllu sent_id=23 tipo=TIME status=OK
token="Federação deve" file=5954.conllu sent_id=25 tipo=ORGANIZATION status=OK
token="Mota Lima" file=5954.conllu sent_id=39 tipo=PERSON status=OK
token="16 de fevereiro" file=5954.conllu sent_id=47 tipo=TIME status=OK
token="25 de março" file=6362.conllu sent_id=1 tipo=TIME status=OK
token="Cândido Aragão" file=6362.conllu sent_id=9 tipo=PERSON status=OK
token="25 de março de 1964" file=6362.conllu sent_id=1 tipo=TIME status=OK
token="26 de março" file=6362.conllu sent_id=12 tipo=TIME status=OK
token="Navarro de Brito" file=855.conllu sent_id=1 tipo=PERSON status=OK
token="Castelo Branco" file=855.conllu sent_id=5 tipo=PERSON status=OK
token="19 daquele mês" file=855.conllu sent_id=8 tipo=TIME status=OK
token="21 de março de 1935" file=855.conllu sent_id=1 tipo=TIME status=OK
token="Educação e Cultura" file=855.conllu sent_id=10 tipo=ORGANIZATION status=OK
token="Secretaria de Educação e Cultura" file=855.conllu sent_id=12 tipo=ORGANIZATION status=OK
token="15 de dezembro de 1986" file=855.conllu sent_id=13 tipo=TIME status=OK
token="24 de maio de 1932" file=6007.conllu sent_id=1 tipo=TIME status=OK
token="23 de maio de 1932" file=6007.conllu sent_id=6 tipo=TIME status=OK
token="Antônio Pacheco e Silva" file=6007.conllu sent_id=13 tipo=PERSON status=OK
token="Mesa Diretora" file=4901.conllu sent_id=42 tipo=ORGANIZATION status=OK
token="3 de abril de 1948" file=4901.conllu sent_id=1 tipo=TIME status=OK
token="São Paulo" file=4901.conllu sent_id=1 tipo=LOCAL status=ERROR_EXEC
token="Branca Correia São Tiago" file=4901.conllu sent_id=1 tipo=PERSON status=OK
token="Alceu Colares" file=4901.conllu sent_id=22 tipo=PERSON status=OK
token="novembro do mesmo ano" file=1040.conllu sent_id=30 tipo=TIME status=OK
token="Jaime Lerner" file=1040.conllu sent_id=34 tipo=PERSON status=OK
token="José Eduardo de Andrade Vieira" file=1040.conllu sent_id=34 tipo=PERSON status=OK
token="Canet Júnior" file=1040.conllu sent_id=1 tipo=PERSON status=OK
token="Canet Júnior" file=1040.conllu sent_id=1 tipo=PERSON status=OK
token="10 de janeiro de 1925" file=1040.conllu sent_id=1 tipo=TIME status=OK
token="Canet Júnior" file=1040.conllu sent_id=1 tipo=PERSON status=OK
token="Canet Júnior" file=1040.conllu sent_id=1 tipo=PERSON status=OK
token="Leon Peres" file=1040.conllu sent_id=15 tipo=PERSON status=OK
token="Canet Júnior" file=1040.conllu sent_id=1 tipo=ORGANIZATION status=OK
token="Canet Júnior" file=1040.conllu sent_id=1 tipo=PERSON status=OK
token="Francisco Acióli Filho" file=1040.conllu sent_id=19 tipo=PERSON status=OK
token="Canet Júnior" file=1040.conllu sent_id=1 tipo=PERSON status=OK
token="Canet Júnior" file=1040.conllu sent_id=1 tipo=ORGANIZATION status=OK
token="Mauro Borges" file=5253.conllu sent_id=38 tipo=PERSON status=OK
token="27 de julho e de 28 de agosto a 28 de setembro" file=5253.conllu sent_id=56 tipo=TIME status=OK
token="Planejamento do estado" file=5253.conllu sent_id=6 tipo=ORGANIZATION status=OK
token="19 de março de 1939" file=5253.conllu sent_id=1 tipo=TIME status=OK
token="Chesf, Furnas" file=5786.conllu sent_id=1 tipo=ORGANIZATION status=ERROR_EXEC
token="Tucuruí-Presidente Dutra" file=5786.conllu sent_id=81 tipo=PERSON status=OK
token="dois anos depois" file=5786.conllu sent_id=89 tipo=TIME status=OK
token="Sistema de Transmissão do Nordeste" file=5786.conllu sent_id=168 tipo=ORGANIZATION status=OK
token="Eletronorte e Odebrecht S.A." file=5786.conllu sent_id=170 tipo=ORGANIZATION status=OK
token="dezembro de 2007 e maio de 2008" file=5786.conllu sent_id=171 tipo=TIME status=OK
token="Naturais Renováveis" file=5786.conllu sent_id=177 tipo=PERSON status=OK
token="Marcondes Ferraz" file=5786.conllu sent_id=19 tipo=PERSON status=OK
token="Marcondes Ferraz" file=5786.conllu sent_id=19 tipo=PERSON status=OK
token="João Café Filho" file=5786.conllu sent_id=35 tipo=PERSON status=OK
token="Produtos Industrializados" file=4596.conllu sent_id=29 tipo=ORGANIZATION status=OK
token="Custeio da Previdência" file=4596.conllu sent_id=30 tipo=PERSON status=OK
token="Programa de Competitividade Industrial e da Lei Rouanet" file=4596.conllu sent_id=30 tipo=ORGANIZATION status=OK
token="1º de outubro" file=4596.conllu sent_id=76 tipo=TIME status=OK
token="Luís Inácio Lula da Silva" file=4596.conllu sent_id=77 tipo=PERSON status=OK
token="24 de setembro de 1949" file=4596.conllu sent_id=1 tipo=TIME status=OK
token="Americano de Odontologia" file=4596.conllu sent_id=1 tipo=PERSON status=ERROR_EXEC
token="Finanças e Tributação" file=4596.conllu sent_id=18 tipo=ORGANIZATION status=OK
token="Economia, Indústria e Comércio" file=4596.conllu sent_id=18 tipo=ORGANIZATION status=ERROR_EXEC
token="14 de julho de 1942" file=1195.conllu sent_id=1 tipo=TIME status=OK
token="26 de outubro de 1933" file=2319.conllu sent_id=1 tipo=TIME status=OK
token="25 de fevereiro de 2005" file=2319.conllu sent_id=30 tipo=TIME status=OK
token="1947 a 1950" file=1081.conllu sent_id=3 tipo=TIME status=OK
token="1955 a 1956" file=1081.conllu sent_id=6 tipo=TIME status=OK
token="outubro desse ano" file=1081.conllu sent_id=9 tipo=TIME status=OK
token="19 de novembro de 1913" file=1081.conllu sent_id=1 tipo=TIME status=OK
token="Educação, Cultura e Esporte" file=11381.conllu sent_id=1 tipo=ORGANIZATION status=ERROR_EXEC
token="23 de janeiro de 1927" file=5081.conllu sent_id=1 tipo=TIME status=OK
token="Modesto da Silveira" file=5081.conllu sent_id=1 tipo=PERSON status=OK
token="BRASILEIRA PELO PROGRESSO FEMININO" file=5870.conllu sent_id=1 tipo=ORGANIZATION status=OK
token="I Conferência pelo Progresso Feminino" file=5870.conllu sent_id=9 tipo=EVENT status=OK
token="Lopes Gonçalves" file=5870.conllu sent_id=11 tipo=PERSON status=OK
token="21 de março de 1967" file=2610.conllu sent_id=10 tipo=TIME status=OK
token="3 de março de 1892" file=2610.conllu sent_id=1 tipo=TIME status=OK
token="Comissão para Disciplina do Clero" file=960.conllu sent_id=77 tipo=ORGANIZATION status=OK
token="11 de outubro de 1962" file=960.conllu sent_id=78 tipo=TIME status=OK
token="Ação Social daquela entidade" file=960.conllu sent_id=99 tipo=ORGANIZATION status=OK
token="Humberto Castelo Branco" file=960.conllu sent_id=102 tipo=PERSON status=OK
token="Itiberê Gouveia" file=960.conllu sent_id=104 tipo=PERSON status=OK
token="14 de agosto de 1966" file=960.conllu sent_id=105 tipo=TIME status=OK
token="Igreja Católica desorganizada" file=960.conllu sent_id=107 tipo=ORGANIZATION status=OK
token="Humberto Castelo Branco" file=960.conllu sent_id=102 tipo=PERSON status=OK
token="Castelo Branco" file=960.conllu sent_id=102 tipo=PERSON status=OK
token="7 de fevereiro de 1909" file=960.conllu sent_id=1 tipo=TIME status=OK
token="24 de agosto" file=960.conllu sent_id=117 tipo=TIME status=OK
token="Igreja poderá" file=960.conllu sent_id=120 tipo=ORGANIZATION status=OK
token="Ação, Justiça e Paz" file=960.conllu sent_id=120 tipo=ORGANIZATION status=ERROR_EXEC
token="Direitos humanos no mundo atual" file=960.conllu sent_id=166 tipo=DOC status=OK
token="francês François Mitterrand" file=960.conllu sent_id=190 tipo=PERSON status=OK
token="15 de julho de 1985" file=960.conllu sent_id=192 tipo=TIME status=OK
token="Jesus Cristo" file=960.conllu sent_id=17 tipo=PERSON status=OK
token="A política não é só um direito, mas um dever" file=960.conllu sent_id=215 tipo=DOC status=OK
token="agosto de 1989" file=960.conllu sent_id=217 tipo=TIME status=OK
token="João Paulo II de" file=960.conllu sent_id=218 tipo=PERSON status=OK
token="Carlo Chiarlo de estudar" file=960.conllu sent_id=52 tipo=PERSON status=OK
token="Dois meses mais" file=960.conllu sent_id=223 tipo=TIME status=OK
token="Prier pour les riches" file=960.conllu sent_id=232 tipo=DOC status=OK
token="Cristianismo, socialismo, capitalismo" file=960.conllu sent_id=232 tipo=DOC status=ERROR_EXEC
token="L’echevêque des favelles" file=960.conllu sent_id=232 tipo=DOC status=ERROR_EXEC
token="João Café Filho" file=960.conllu sent_id=62 tipo=PERSON status=OK
token="Congresso Eucarístico Internacional" file=960.conllu sent_id=58 tipo=ORGANIZATION status=OK
token="7 de agosto de 1955" file=960.conllu sent_id=65 tipo=TIME status=OK
token="15 de outubro de 1958" file=10940.conllu sent_id=1 tipo=TIME status=OK
token="Agricultura e Política Rural" file=10940.conllu sent_id=11 tipo=ORGANIZATION status=OK
token="Ciência, Tecnologia, Comunicação e Informática" file=10940.conllu sent_id=11 tipo=ORGANIZATION status=ERROR_EXEC
token="Meio Ambiente e Minorias" file=10940.conllu sent_id=11 tipo=ORGANIZATION status=OK
token="21 de junho" file=4779.conllu sent_id=76 tipo=TIME status=OK
token="Daltro Filho" file=4779.conllu sent_id=78 tipo=PERSON status=OK
token="Daltro Filho" file=4779.conllu sent_id=78 tipo=PERSON status=OK
token="Daltro Filho" file=4779.conllu sent_id=78 tipo=PERSON status=OK
token="2 de março" file=4779.conllu sent_id=41 tipo=TIME status=OK
token="24 de dezembro de 1887" file=4779.conllu sent_id=1 tipo=TIME status=OK
token="Ação Nacional Republicana" file=4779.conllu sent_id=118 tipo=ORGANIZATION status=OK
token="Daltro Filho" file=4779.conllu sent_id=78 tipo=PERSON status=OK
token="Daltro Filho" file=4779.conllu sent_id=78 tipo=PERSON status=OK
token="Daltro Filho" file=4779.conllu sent_id=78 tipo=PERSON status=OK
token="Borges de Medeiros" file=4779.conllu sent_id=134 tipo=PERSON status=OK
token="Vicente Rao" file=4779.conllu sent_id=136 tipo=PERSON status=OK
token="Justiça e Negócios Interiores" file=4779.conllu sent_id=136 tipo=ORGANIZATION status=OK
token="Agricultura, Indústria e Comércio e Carlos de Morais Barros" file=4779.conllu sent_id=136 tipo=ORGANIZATION status=ERROR_EXEC
token="Isidoro Dias Lopes" file=4779.conllu sent_id=45 tipo=PERSON status=OK
token="Francisco Prestes Maia" file=4779.conllu sent_id=170 tipo=PERSON status=OK
token="Osvaldo Aranha" file=4779.conllu sent_id=46 tipo=PERSON status=OK
token="Vicente Rao" file=4779.conllu sent_id=136 tipo=PERSON status=OK
token="Flores da Cunha" file=4779.conllu sent_id=186 tipo=PERSON status=OK
token="Flores da Cunha" file=4779.conllu sent_id=186 tipo=PERSON status=OK
token="8 de novembro" file=4779.conllu sent_id=201 tipo=TIME status=OK
token="7 de janeiro de 1939" file=4779.conllu sent_id=224 tipo=TIME status=OK
token="Góis Monteiro intitulada" file=4779.conllu sent_id=226 tipo=PERSON status=OK
token="Universidade do Estado do Rio de Janeiro" file=12093.conllu sent_id=5 tipo=ORGANIZATION status=OK
token="20 de outubro de 1929" file=12093.conllu sent_id=1 tipo=TIME status=OK
token="Júlio Prestes" file=6198.conllu sent_id=22 tipo=PERSON status=OK
token="29 de agosto de 1930" file=1856.conllu sent_id=1 tipo=TIME status=OK
token="16 do mesmo mês" file=5252.conllu sent_id=6 tipo=TIME status=OK
token="3 de novembro de 1932" file=5252.conllu sent_id=1 tipo=TIME status=OK
token="27 de abril de 2003" file=5252.conllu sent_id=17 tipo=TIME status=OK
token="Soares Filho" file=5803.conllu sent_id=30 tipo=PERSON status=OK
token="Pereira Lira" file=5803.conllu sent_id=30 tipo=PERSON status=OK
token="Prado Kelly" file=5803.conllu sent_id=30 tipo=PERSON status=OK
token="Poder Legislativo" file=5803.conllu sent_id=12 tipo=ORGANIZATION status=OK
token="Nacional de Educação" file=5803.conllu sent_id=47 tipo=ORGANIZATION status=OK
token="Poder Executivo" file=5803.conllu sent_id=9 tipo=ORGANIZATION status=OK
token="Poder Legislativo" file=5803.conllu sent_id=12 tipo=ORGANIZATION status=OK
token="Vaz de Toledo" file=5803.conllu sent_id=23 tipo=PERSON status=OK
token="gaúcho Carlos Maximiliano" file=5803.conllu sent_id=26 tipo=PERSON status=OK
token="27 de dezembro de 1943" file=2026.conllu sent_id=1 tipo=TIME status=OK
token="12 de julho de 1939" file=8858.conllu sent_id=1 tipo=TIME status=OK
token="Garcia Munhoz" file=2519.conllu sent_id=27 tipo=PERSON status=OK
token="18 de janeiro" file=2519.conllu sent_id=37 tipo=TIME status=OK
token="fins de janeiro" file=2519.conllu sent_id=38 tipo=TIME status=OK
token="31 de dezembro de 1994" file=2519.conllu sent_id=44 tipo=TIME status=OK
token="28 de fevereiro" file=2519.conllu sent_id=49 tipo=TIME status=OK
token="1º de março de 1993" file=2519.conllu sent_id=51 tipo=TIME status=OK
token="13 de março" file=2519.conllu sent_id=53 tipo=TIME status=OK
token="13 de março" file=2519.conllu sent_id=53 tipo=TIME status=OK
token="Regional e Internacional" file=2519.conllu sent_id=62 tipo=ORGANIZATION status=OK
token="1971 a 1973" file=2519.conllu sent_id=8 tipo=TIME status=OK
token="18 de julho de 1939" file=2519.conllu sent_id=1 tipo=TIME status=OK
token="Letras e Artes" file=2687.conllu sent_id=8 tipo=ORGANIZATION status=OK
token="1º de agosto de 1915" file=2687.conllu sent_id=1 tipo=TIME status=OK
token="16 de junho de 1958" file=2687.conllu sent_id=15 tipo=TIME status=OK
token="Nereu Ramos" file=2687.conllu sent_id=15 tipo=PERSON status=OK
token="6 de dezembro de 1951" file=4259.conllu sent_id=33 tipo=TIME status=OK
token="Petróleo Brasileiro" file=4259.conllu sent_id=33 tipo=ORGANIZATION status=OK
token="Ciro do Espírito Santo Cardoso" file=4259.conllu sent_id=54 tipo=PERSON status=OK
token="Euclides Zenóbio da Costa" file=4259.conllu sent_id=54 tipo=PERSON status=OK
token="Artur Bernardes Filho" file=4259.conllu sent_id=54 tipo=PERSON status=ERROR_EXEC
token="Osvaldo Pieruccetti" file=4259.conllu sent_id=54 tipo=PERSON status=ERROR_EXEC
token="Emenda Constitucional nº 4" file=4259.conllu sent_id=77 tipo=LAW status=OK
token="Castelo Branco" file=4259.conllu sent_id=96 tipo=PERSON status=OK
token="Castelo Branco" file=4259.conllu sent_id=96 tipo=PERSON status=OK
token="Castelo Branco" file=4259.conllu sent_id=96 tipo=PERSON status=OK
token="Castelo Branco" file=4259.conllu sent_id=96 tipo=PERSON status=OK
token="Castelo Branco" file=4259.conllu sent_id=96 tipo=PERSON status=OK
token="24 de fevereiro de 1965" file=4259.conllu sent_id=117 tipo=TIME status=OK
token="24 de setembro de 1965" file=4259.conllu sent_id=121 tipo=TIME status=OK
token="Castelo Branco" file=4259.conllu sent_id=96 tipo=PERSON status=OK
token="8 de novembro de 1908" file=4259.conllu sent_id=1 tipo=TIME status=OK
token="Castelo Branco" file=4259.conllu sent_id=96 tipo=PERSON status=OK
token="Ato Institucional nº 2" file=4259.conllu sent_id=129 tipo=LAW status=OK
token="Castelo Branco" file=4259.conllu sent_id=96 tipo=PERSON status=OK
token="Franco Montoro" file=4259.conllu sent_id=139 tipo=PERSON status=OK
token="18 de abril de 1985" file=4259.conllu sent_id=141 tipo=TIME status=OK
token="novembro de 1974" file=3252.conllu sent_id=4 tipo=TIME status=OK
token="7 de setembro de 1939" file=3252.conllu sent_id=1 tipo=TIME status=OK
token="Hugo Mardini" file=3252.conllu sent_id=1 tipo=PERSON status=OK
token="Hugo Mardini" file=3252.conllu sent_id=1 tipo=PERSON status=OK
token="1º de março de 2004" file=3252.conllu sent_id=18 tipo=TIME status=OK
token="Viação e Obras Públicas" file=4508.conllu sent_id=3 tipo=ORGANIZATION status=OK
token="Minas Gerais" file=4508.conllu sent_id=3 tipo=LOCAL status=OK
token="1958 e 1962" file=4508.conllu sent_id=8 tipo=TIME status=OK
token="17 de setembro de 1929" file=4508.conllu sent_id=1 tipo=TIME status=OK
token="Minas Gerais" file=4508.conllu sent_id=3 tipo=LOCAL status=OK
token="Transportes, Comunicações e Obras Públicas" file=4508.conllu sent_id=3 tipo=ORGANIZATION status=ERROR_EXEC
token="março de 1979 a fevereiro de 1982" file=4508.conllu sent_id=15 tipo=TIME status=OK
token="Abgar de Castro Araújo Renault" file=4508.conllu sent_id=2 tipo=PERSON status=OK
token="Santos e Silva" file=5028.conllu sent_id=1 tipo=ORGANIZATION status=OK
token="8 de março de 1884" file=5028.conllu sent_id=1 tipo=TIME status=OK
token="23 de setembro de 1913" file=841.conllu sent_id=1 tipo=TIME status=OK
token="Agricultura e Política Rural" file=841.conllu sent_id=11 tipo=ORGANIZATION status=OK
token="22 de abril de 1993" file=841.conllu sent_id=19 tipo=TIME status=OK
token="Muniz Sodré" file=841.conllu sent_id=21 tipo=PERSON status=OK
token="outubro de 1962" file=1198.conllu sent_id=2 tipo=TIME status=OK
token="Mercodistribuidora Comercial de Plásticos" file=1198.conllu sent_id=7 tipo=PERSON status=OK
token="2 de outubro de 1931" file=1198.conllu sent_id=1 tipo=TIME status=OK
token="24 de abril de 1924" file=62.conllu sent_id=1 tipo=TIME status=OK
token="11 de fevereiro de 1986" file=62.conllu sent_id=19 tipo=TIME status=OK
token="Delfim Neto" file=4260.conllu sent_id=3 tipo=PERSON status=OK
token="Turismo da Amazônia" file=4260.conllu sent_id=7 tipo=PERSON status=OK
token="19 de dezembro de 1939" file=4260.conllu sent_id=1 tipo=TIME status=OK
token="Delfim Neto" file=4260.conllu sent_id=3 tipo=PERSON status=OK
token="Francisco Pinto de" file=4260.conllu sent_id=12 tipo=PERSON status=OK
token="Delfim Neto" file=4260.conllu sent_id=3 tipo=PERSON status=OK
token="Indústria, Comércio e Turismo do Rio de Janeiro" file=4260.conllu sent_id=3 tipo=ORGANIZATION status=ERROR_EXEC
token="Chagas Freitas" file=4260.conllu sent_id=16 tipo=PERSON status=OK
token="Delfim Neto" file=4260.conllu sent_id=3 tipo=PERSON status=OK
token="Economia, Indústria e Comércio" file=3705.conllu sent_id=3 tipo=ORGANIZATION status=ERROR_EXEC
token="15 de dezembro" file=3705.conllu sent_id=11 tipo=TIME status=OK
token="26 de novembro de 1946" file=3705.conllu sent_id=1 tipo=TIME status=OK
token="1985 e 2002" file=3705.conllu sent_id=19 tipo=TIME status=OK
token="São Bento e Santo Inácio" file=4890.conllu sent_id=2 tipo=ORGANIZATION status=OK
token="29 de janeiro de 1917" file=4890.conllu sent_id=1 tipo=TIME status=OK
token="20 de fevereiro de 1981" file=4890.conllu sent_id=17 tipo=TIME status=OK
token="Americano Rio" file=4423.conllu sent_id=17 tipo=ORGANIZATION status=ERROR_EXEC
token="Promoções Ltda" file=4423.conllu sent_id=11 tipo=PERSON status=OK
token="Agricultura, Indústria e Comércio" file=5938.conllu sent_id=11 tipo=ORGANIZATION status=ERROR_EXEC
token="Isaías de Noronha" file=5938.conllu sent_id=27 tipo=PERSON status=OK
token="28 de outubro" file=5938.conllu sent_id=39 tipo=TIME status=OK
token="Tasso Fragoso" file=5938.conllu sent_id=14 tipo=PERSON status=OK
token="31 de outubro" file=5938.conllu sent_id=40 tipo=TIME status=OK
token="Tasso Fragoso" file=5938.conllu sent_id=14 tipo=PERSON status=OK
token="outubro a 14 de novembro de 1930" file=5938.conllu sent_id=49 tipo=TIME status=OK
token="Abelardo Torres da Silva Castro" file=5938.conllu sent_id=50 tipo=PERSON status=OK
token="19 de outubro a 12 de novembro de 1930" file=5938.conllu sent_id=52 tipo=TIME status=OK
token="Punaro Bley" file=5938.conllu sent_id=52 tipo=PERSON status=OK
token="2 de setembro a" file=5938.conllu sent_id=60 tipo=TIME status=OK
token="7 de setembro" file=5938.conllu sent_id=61 tipo=TIME status=OK
token="Ranieri Mazzilli" file=5938.conllu sent_id=55 tipo=PERSON status=OK
token="9 de abril" file=5938.conllu sent_id=65 tipo=TIME status=OK
token="11 de abril" file=5938.conllu sent_id=67 tipo=TIME status=OK
token="Castelo Branco" file=5938.conllu sent_id=1 tipo=PERSON status=OK
token="Costa e Silva" file=5938.conllu sent_id=1 tipo=ORGANIZATION status=OK
token="Adalberto de Barros Nunes" file=5938.conllu sent_id=72 tipo=PERSON status=OK
token="31 de agosto" file=5938.conllu sent_id=74 tipo=TIME status=OK
token="Costa e Silva" file=5938.conllu sent_id=1 tipo=PERSON status=OK
token="Costa e Silva" file=5938.conllu sent_id=1 tipo=PERSON status=OK
token="8 de setembro" file=5938.conllu sent_id=84 tipo=TIME status=OK
token="Ato Institucional nº 13" file=5938.conllu sent_id=84 tipo=LAW status=OK
token="Costa e Silva" file=5938.conllu sent_id=1 tipo=PERSON status=OK
token="Costa e Silva" file=5938.conllu sent_id=1 tipo=PERSON status=OK
token="16 de setembro" file=5938.conllu sent_id=90 tipo=TIME status=OK
token="Costa e Silva" file=5938.conllu sent_id=1 tipo=PERSON status=OK
token="14 de outubro" file=5938.conllu sent_id=94 tipo=TIME status=OK
token="dia 25" file=5938.conllu sent_id=94 tipo=TIME status=OK
token="30 de outubro" file=5938.conllu sent_id=98 tipo=TIME status=OK
token="3 de outubro" file=5938.conllu sent_id=12 tipo=TIME status=OK
token="3 de outubro de 1930" file=5938.conllu sent_id=15 tipo=TIME status=OK
token="Tasso Fragoso" file=5938.conllu sent_id=14 tipo=PERSON status=OK
token="Mena Barreto" file=5938.conllu sent_id=19 tipo=PERSON status=OK
token="21 de outubro" file=5938.conllu sent_id=23 tipo=TIME status=OK
token="Tasso Fragoso" file=5938.conllu sent_id=14 tipo=PERSON status=OK
token="Mena Barreto" file=5938.conllu sent_id=19 tipo=PERSON status=OK
token="Mena Barreto" file=5938.conllu sent_id=19 tipo=PERSON status=OK
token="Tasso Fragoso" file=5938.conllu sent_id=14 tipo=PERSON status=OK
token="Tasso Fragoso" file=5938.conllu sent_id=14 tipo=PERSON status=OK
token="Mena Barreto" file=5938.conllu sent_id=19 tipo=PERSON status=OK
token="José Isaías de Noronha" file=5938.conllu sent_id=27 tipo=PERSON status=OK
token="23 de janeiro" file=567.conllu sent_id=33 tipo=TIME status=OK
token="18 de junho" file=567.conllu sent_id=34 tipo=TIME status=OK
token="2 de setembro de 1974" file=567.conllu sent_id=38 tipo=TIME status=OK
token="31 de dezembro de 1901" file=567.conllu sent_id=1 tipo=TIME status=OK
token="Departamento Administrativo do Serviço Público" file=8816.conllu sent_id=14 tipo=ORGANIZATION status=OK
token="Lei nº 200" file=8816.conllu sent_id=14 tipo=LAW status=ERROR_EXEC
token="Departamento Administrativo do Serviço Público" file=8816.conllu sent_id=14 tipo=ORGANIZATION status=OK
token="Lei nº 579" file=8816.conllu sent_id=14 tipo=LAW status=ERROR_EXEC
token="Lei nº 579" file=8816.conllu sent_id=14 tipo=LAW status=ERROR_EXEC
token="Abastecimento e Desenvolvimento Rural" file=4308.conllu sent_id=30 tipo=ORGANIZATION status=OK
token="janeiro/fevereiro de 1997" file=4308.conllu sent_id=30 tipo=TIME status=ERROR_EXEC
token="Economia, Indústria e Comércio" file=4308.conllu sent_id=30 tipo=ORGANIZATION status=ERROR_EXEC
token="Café Filho" file=2666.conllu sent_id=25 tipo=PERSON status=OK
token="3 de outubro desse ano" file=2666.conllu sent_id=30 tipo=TIME status=OK
token="8 de outubro" file=2666.conllu sent_id=32 tipo=TIME status=OK
token="Café Filho" file=2666.conllu sent_id=25 tipo=PERSON status=OK
token="11 de novembro" file=2666.conllu sent_id=34 tipo=TIME status=OK
token="7 de setembro" file=2666.conllu sent_id=43 tipo=TIME status=OK
token="31 de março" file=2666.conllu sent_id=48 tipo=TIME status=OK
token="Comando Supremo da Revolução" file=2666.conllu sent_id=48 tipo=ORGANIZATION status=OK
token="8 de abril" file=2666.conllu sent_id=49 tipo=TIME status=OK
token="Ato Institucional nº 1" file=2666.conllu sent_id=49 tipo=LAW status=OK
token="Castelo Branco" file=2666.conllu sent_id=51 tipo=PERSON status=OK
token="10 de junho" file=2666.conllu sent_id=52 tipo=TIME status=OK
token="Castelo Branco" file=2666.conllu sent_id=51 tipo=PERSON status=OK
token="22 de julho" file=2666.conllu sent_id=54 tipo=TIME status=OK
token="Emenda Constitucional nº 9" file=2666.conllu sent_id=54 tipo=LAW status=OK
token="Castelo Branco" file=2666.conllu sent_id=51 tipo=PERSON status=OK
token="25 de junho" file=2666.conllu sent_id=59 tipo=TIME status=OK
token="Castelo Branco" file=2666.conllu sent_id=51 tipo=PERSON status=OK
token="24 de outubro" file=2666.conllu sent_id=7 tipo=TIME status=OK
token="27 de outubro" file=2666.conllu sent_id=61 tipo=TIME status=OK
token="Castelo Branco" file=2666.conllu sent_id=51 tipo=PERSON status=OK
token="25 de maio de 1966" file=2666.conllu sent_id=64 tipo=TIME status=OK
token="Castelo Branco" file=2666.conllu sent_id=51 tipo=PERSON status=OK
token="3 de outubro" file=2666.conllu sent_id=30 tipo=TIME status=OK
token="Castelo Branco" file=2666.conllu sent_id=51 tipo=PERSON status=OK
token="24 de janeiro de 1967" file=2666.conllu sent_id=70 tipo=TIME status=OK
token="13 de dezembro" file=2666.conllu sent_id=76 tipo=TIME status=OK
token="31 de agosto de 1969" file=2666.conllu sent_id=78 tipo=TIME status=OK
token="Marinha e Márcio de Sousa e Melo" file=2666.conllu sent_id=79 tipo=ORGANIZATION status=OK
token="15 de outubro" file=2666.conllu sent_id=80 tipo=TIME status=OK
token="22 de abril de 1977" file=2666.conllu sent_id=86 tipo=TIME status=OK
token="Tarso Dutra" file=2666.conllu sent_id=89 tipo=PERSON status=OK
token="28 de julho de 1990" file=2666.conllu sent_id=92 tipo=TIME status=OK
token="10 de abril de 1909" file=2666.conllu sent_id=1 tipo=TIME status=OK
token="Flores da Cunha" file=2666.conllu sent_id=10 tipo=PERSON status=OK
token="5 de agosto de 1954" file=2666.conllu sent_id=22 tipo=TIME status=OK
token="24 de agosto" file=2666.conllu sent_id=24 tipo=TIME status=OK
token="João Magalhães de" file=3159.conllu sent_id=14 tipo=PERSON status=OK
token="6 de novembro" file=4962.conllu sent_id=2 tipo=TIME status=OK
token="Otávio Correia de Araújo" file=4143.conllu sent_id=4 tipo=PERSON status=OK
token="12 de junho de 1905" file=4143.conllu sent_id=1 tipo=TIME status=OK
token="31 de março de 1984" file=4143.conllu sent_id=11 tipo=TIME status=OK
token="Chagas Freitas" file=5674.conllu sent_id=25 tipo=PERSON status=OK
token="Chagas Freitas" file=5674.conllu sent_id=25 tipo=PERSON status=OK
token="dois anos depois" file=5674.conllu sent_id=5 tipo=TIME status=OK
token="7 de agosto de 1916" file=5674.conllu sent_id=1 tipo=TIME status=OK
token="Amaral Peixoto" file=5674.conllu sent_id=8 tipo=PERSON status=OK
token="Badger da Silveira" file=5674.conllu sent_id=17 tipo=PERSON status=OK
token="Badger da Silveira" file=5674.conllu sent_id=17 tipo=PERSON status=OK
token="Artilharia Divisionária-3 no" file=3364.conllu sent_id=24 tipo=ORGANIZATION status=OK
token="janeiro a junho de 1944" file=3364.conllu sent_id=24 tipo=TIME status=OK
token="setembro a dezembro de 1945" file=3364.conllu sent_id=26 tipo=TIME status=OK
token="João Valdetaro de Amorim" file=3364.conllu sent_id=34 tipo=PERSON status=OK
token="17 de maio de 1958" file=3364.conllu sent_id=37 tipo=TIME status=OK
token="9 de junho de 1892" file=3364.conllu sent_id=1 tipo=TIME status=OK
token="Cândido Rondon" file=3364.conllu sent_id=12 tipo=PERSON status=OK
token="estado-maior da 5ª RM de fevereiro" file=3364.conllu sent_id=17 tipo=ORGANIZATION status=OK
token="1933 a janeiro de 1935" file=3364.conllu sent_id=17 tipo=TIME status=OK
token="abril a junho deste último ano" file=3364.conllu sent_id=17 tipo=TIME status=OK
token="outubro seguinte a setembro de 1936" file=3364.conllu sent_id=18 tipo=TIME status=OK
token="13 de outubro de 1988" file=6.conllu sent_id=38 tipo=TIME status=OK
token="16 de setembro de 1903" file=6.conllu sent_id=1 tipo=TIME status=OK
token="João Abdalla" file=6.conllu sent_id=1 tipo=PERSON status=OK
token="José João Abdalla S.A." file=6.conllu sent_id=19 tipo=PERSON status=OK
token="Indústria e Comércio" file=6.conllu sent_id=7 tipo=ORGANIZATION status=OK
token="Pastos Bons" file=5445.conllu sent_id=1 tipo=LOCAL status=OK
token="20 de novembro de 1906" file=5445.conllu sent_id=1 tipo=TIME status=OK
token="Ato Institucional nº 1" file=5445.conllu sent_id=15 tipo=LAW status=OK
token="16 de outubro de 1919" file=2705.conllu sent_id=1 tipo=TIME status=OK
token="Dois anos depois" file=2705.conllu sent_id=15 tipo=TIME status=OK
token="Rocha Lagoa" file=2705.conllu sent_id=1 tipo=PERSON status=OK
token="3 de novembro de 1923" file=2649.conllu sent_id=1 tipo=TIME status=OK
token="Varam Importação e Exportação S.A." file=2649.conllu sent_id=21 tipo=ORGANIZATION status=OK
token="10 de novembro desse ano" file=4126.conllu sent_id=25 tipo=TIME status=OK
token="6 de dezembro de 1958" file=4126.conllu sent_id=27 tipo=TIME status=OK
token="29 de julho de 1876" file=4126.conllu sent_id=1 tipo=TIME status=OK
token="julho a outubro desse ano" file=4126.conllu sent_id=10 tipo=TIME status=OK
token="outubro desse mesmo ano" file=4126.conllu sent_id=19 tipo=TIME status=OK
token="Instituto Datafolha naquele" file=2352.conllu sent_id=56 tipo=ORGANIZATION status=OK
token="Mangabeira Unger" file=2352.conllu sent_id=86 tipo=PERSON status=OK
token="Mangabeira Unger" file=2352.conllu sent_id=86 tipo=PERSON status=OK
token="José Carlos Martinez" file=2352.conllu sent_id=188 tipo=PERSON status=OK
token="Lula de" file=2352.conllu sent_id=196 tipo=PERSON status=OK
token="29 de dezembro" file=2352.conllu sent_id=47 tipo=TIME status=OK
token="6 de outubro" file=2352.conllu sent_id=211 tipo=TIME status=OK
token="Produtos Industrializados" file=2352.conllu sent_id=233 tipo=ORGANIZATION status=OK
token="Gonzaga Mota" file=2352.conllu sent_id=19 tipo=PERSON status=OK
token="Gonzaga Mota" file=2352.conllu sent_id=19 tipo=PERSON status=OK
token="27 de outubro de 1900" file=5151.conllu sent_id=1 tipo=TIME status=OK
token="Paulino Berlinck Coelho de Sousa" file=5151.conllu sent_id=1 tipo=PERSON status=OK
token="Grandense de Letras" file=5151.conllu sent_id=1 tipo=LOCAL status=ERROR_EXEC
token="12 de março de 1982" file=5151.conllu sent_id=26 tipo=TIME status=OK
token="Estado-Maior do Exército" file=2067.conllu sent_id=5 tipo=ORGANIZATION status=OK
token="17 de novembro de 1875" file=2067.conllu sent_id=1 tipo=TIME status=OK
token="Francisco de Assis" file=2067.conllu sent_id=17 tipo=PERSON status=OK
token="20 de setembro de 1946" file=8769.conllu sent_id=1 tipo=TIME status=OK
token="7 de maio de 1926" file=1618.conllu sent_id=1 tipo=TIME status=OK
token="Educação, Cultura e Esportes" file=1618.conllu sent_id=1 tipo=ORGANIZATION status=ERROR_EXEC
token="três meses depois" file=1618.conllu sent_id=18 tipo=TIME status=OK
token="Seguridade Social e Família" file=11021.conllu sent_id=9 tipo=ORGANIZATION status=OK
token="PMDB/Partido Trabalhista Nacional" file=11021.conllu sent_id=11 tipo=ORGANIZATION status=OK
token="julho a novembro de 2004" file=11021.conllu sent_id=13 tipo=TIME status=OK
token="Luís Filipe Saldanha da Gama" file=2122.conllu sent_id=4 tipo=PERSON status=OK
token="março de 1894" file=2122.conllu sent_id=4 tipo=TIME status=OK
token="João Mendes de Almeida Júnior" file=2122.conllu sent_id=6 tipo=PERSON status=OK
token="18 de dezembro de 1935" file=2122.conllu sent_id=8 tipo=TIME status=OK
token="outubro do mesmo ano" file=465.conllu sent_id=4 tipo=TIME status=OK
token="Constituição e Justiça" file=465.conllu sent_id=8 tipo=ORGANIZATION status=OK
token="setembro de 1996" file=465.conllu sent_id=13 tipo=TIME status=OK
token="1º de janeiro de 1967" file=465.conllu sent_id=1 tipo=TIME status=OK
token="27 de novembro de 1945" file=1289.conllu sent_id=1 tipo=TIME status=OK
token="Jorge Said" file=1289.conllu sent_id=1 tipo=PERSON status=ERROR_EXEC
token="Indústria e Comércio do governo" file=1289.conllu sent_id=18 tipo=ORGANIZATION status=OK
token="29 de abril de 1901" file=2940.conllu sent_id=1 tipo=TIME status=OK
token="novembro de 1974" file=4629.conllu sent_id=8 tipo=TIME status=OK
token="26 de agosto de 1932" file=4629.conllu sent_id=1 tipo=TIME status=OK
token="Gilvan Rocha" file=4629.conllu sent_id=1 tipo=PERSON status=OK
token="Democracia Brasileira" file=10980.conllu sent_id=1 tipo=ORGANIZATION status=ERROR_EXEC
token="3 de outubro de 1953" file=10980.conllu sent_id=1 tipo=TIME status=OK
token="6 de fevereiro de 2007" file=10980.conllu sent_id=15 tipo=TIME status=OK
token="Abastecimento e Desenvolvimento Rural" file=10980.conllu sent_id=17 tipo=ORGANIZATION status=OK
token="maio de 1933" file=3067.conllu sent_id=7 tipo=TIME status=OK
token="Centro de Estudos e Defesa do Petróleo e da Economia Nacional" file=2081.conllu sent_id=8 tipo=ORGANIZATION status=OK
token="22 de fevereiro de 1902" file=2081.conllu sent_id=1 tipo=TIME status=OK
token="15 de outubro de 1912" file=6382.conllu sent_id=2 tipo=TIME status=OK
token="Santos Dumont" file=6382.conllu sent_id=7 tipo=LOCAL status=OK
token="Simões Filho" file=6382.conllu sent_id=3 tipo=PERSON status=OK
token="Simões Filho" file=6382.conllu sent_id=3 tipo=PERSON status=OK
token="Simões Filho" file=6382.conllu sent_id=3 tipo=PERSON status=OK
token="Simões Filho" file=6382.conllu sent_id=3 tipo=PERSON status=OK
token="Simões Filho" file=6382.conllu sent_id=3 tipo=PERSON status=OK
token="Simões Filho" file=6382.conllu sent_id=3 tipo=PERSON status=OK
token="Simões Filho" file=6382.conllu sent_id=3 tipo=PERSON status=OK
token="Simões Filho" file=6382.conllu sent_id=3 tipo=PERSON status=OK
token="13 de março de 1964" file=6382.conllu sent_id=151 tipo=TIME status=OK
token="Simões Filho" file=6382.conllu sent_id=3 tipo=PERSON status=OK
token="11 de abril" file=6382.conllu sent_id=159 tipo=TIME status=OK
token="Lomanto Júnior" file=6382.conllu sent_id=143 tipo=PERSON status=OK
token="Fernando Henrique Cardoso de perjúrio" file=6382.conllu sent_id=239 tipo=PERSON status=OK
token="23 de abril de 1998" file=6382.conllu sent_id=241 tipo=TIME status=OK
token="23 de abril de 1998" file=6382.conllu sent_id=241 tipo=TIME status=OK
token="Simões Filho" file=6382.conllu sent_id=3 tipo=PERSON status=OK
token="Simões Filho" file=6382.conllu sent_id=3 tipo=PERSON status=OK
token="Simões Filho" file=6382.conllu sent_id=3 tipo=PERSON status=OK
token="Simões Filho" file=6382.conllu sent_id=3 tipo=PERSON status=OK
token="17 de janeiro de 1949" file=11198.conllu sent_id=1 tipo=TIME status=OK
token="Santos Machado" file=11198.conllu sent_id=22 tipo=LOCAL status=OK
token="20 de abril de 1943" file=50.conllu sent_id=1 tipo=TIME status=OK
token="Agricultura e Política Rural" file=50.conllu sent_id=13 tipo=ORGANIZATION status=OK
token="Tancredo Neves" file=50.conllu sent_id=15 tipo=PERSON status=OK
token="23 de agosto de 1931" file=5942.conllu sent_id=6 tipo=TIME status=OK
token="2003 a" file=2756.conllu sent_id=32 tipo=TIME status=OK
token="Projeto Melhor Transporte do Brasil" file=2756.conllu sent_id=41 tipo=ORGANIZATION status=OK
token="Agricultura da prefeitura de Uberlândia" file=2756.conllu sent_id=7 tipo=ORGANIZATION status=OK
token="Educação, Cultura e Desporto" file=2756.conllu sent_id=7 tipo=ORGANIZATION status=ERROR_EXEC
token="2 de outubro" file=2756.conllu sent_id=11 tipo=TIME status=OK
token="Planos, Orçamento Público e Fiscalização" file=2756.conllu sent_id=11 tipo=ORGANIZATION status=ERROR_EXEC
token="10 de abril" file=4472.conllu sent_id=4 tipo=TIME status=OK
token="Ato Institucional nº 1" file=4472.conllu sent_id=4 tipo=LAW status=OK
token="7 de setembro de 1974" file=4472.conllu sent_id=6 tipo=TIME status=OK
token="20 de novembro de 1927" file=4472.conllu sent_id=1 tipo=TIME status=OK
token="Secretaria de Obras e Viação do" file=755.conllu sent_id=2 tipo=ORGANIZATION status=OK
token="Equipamentos e Companhias Associadas" file=755.conllu sent_id=4 tipo=ORGANIZATION status=OK
token="19 de dezembro de 1925" file=2884.conllu sent_id=1 tipo=TIME status=OK
token="Antônio Carlos Magalhães" file=2884.conllu sent_id=20 tipo=PERSON status=OK
token="Castro Lima" file=2884.conllu sent_id=1 tipo=PERSON status=OK
token="Castro Lima" file=2884.conllu sent_id=1 tipo=PERSON status=OK
token="Castro Lima" file=2884.conllu sent_id=1 tipo=PERSON status=OK
token="Castro Lima" file=2884.conllu sent_id=1 tipo=PERSON status=OK
token="22 de outubro de 2008" file=2884.conllu sent_id=33 tipo=TIME status=OK
token="Lei dos Estrangeiros" file=8.conllu sent_id=36 tipo=LAW status=OK
token="Guilherme Pereira do Rosário" file=8.conllu sent_id=42 tipo=ORGANIZATION status=OK
token="Golbery do Couto e Silva" file=8.conllu sent_id=52 tipo=PERSON status=OK
token="Leitão de Abreu" file=8.conllu sent_id=52 tipo=PERSON status=OK
token="Leitão de Abreu" file=8.conllu sent_id=52 tipo=PERSON status=OK
token="Otávio Aguiar de Medeiros" file=8.conllu sent_id=70 tipo=PERSON status=OK
token="Assembleia Legislativa" file=8.conllu sent_id=6 tipo=ORGANIZATION status=OK
token="Leitão de Abreu" file=8.conllu sent_id=52 tipo=PERSON status=OK
token="15 de março" file=8.conllu sent_id=92 tipo=TIME status=OK
token="Abi-Ackel jamais" file=8.conllu sent_id=120 tipo=PERSON status=OK
token="outubro de 1990" file=8.conllu sent_id=131 tipo=TIME status=OK
token="novembro desse ano" file=8.conllu sent_id=10 tipo=TIME status=OK
token="2 de março de 1927" file=8.conllu sent_id=1 tipo=TIME status=OK
token="17 de novembro daquele" file=8.conllu sent_id=163 tipo=TIME status=OK
token="novembro desse ano" file=8.conllu sent_id=10 tipo=TIME status=OK
token="abril do ano seguinte" file=8.conllu sent_id=16 tipo=TIME status=OK
token="Arruda Câmara" file=2418.conllu sent_id=9 tipo=PERSON status=OK
token="V Congresso do PCB" file=2418.conllu sent_id=9 tipo=ORGANIZATION status=ERROR_EXEC
token="V Congresso" file=2418.conllu sent_id=9 tipo=ORGANIZATION status=ERROR_EXEC
token="V Congresso" file=2418.conllu sent_id=9 tipo=ORGANIZATION status=ERROR_EXEC
token="PC do B" file=2418.conllu sent_id=83 tipo=ORGANIZATION status=OK
token="PC do B" file=2418.conllu sent_id=83 tipo=ORGANIZATION status=OK
token="PC do B" file=2418.conllu sent_id=83 tipo=ORGANIZATION status=OK
token="PC do B" file=2418.conllu sent_id=83 tipo=ORGANIZATION status=OK
token="2 de outubro de 1912" file=2418.conllu sent_id=1 tipo=TIME status=OK
token="30 de agosto de 1943" file=2418.conllu sent_id=22 tipo=TIME status=OK
token="Borges de Medeiros" file=1601.conllu sent_id=18 tipo=PERSON status=OK
token="Borges de Medeiros" file=1601.conllu sent_id=18 tipo=PERSON status=OK
token="Borges de Medeiros" file=1601.conllu sent_id=18 tipo=PERSON status=OK
token="Flores da Cunha" file=1601.conllu sent_id=1 tipo=PERSON status=OK
token="Flores da Cunha" file=1601.conllu sent_id=1 tipo=PERSON status=OK
token="Flores da Cunha" file=1601.conllu sent_id=1 tipo=PERSON status=OK
token="Borges de Medeiros" file=1601.conllu sent_id=18 tipo=PERSON status=OK
token="Flores da Cunha" file=1601.conllu sent_id=1 tipo=PERSON status=OK
token="Flores da Cunha" file=1601.conllu sent_id=1 tipo=PERSON status=OK
token="Alcides Etchegoyen" file=1601.conllu sent_id=81 tipo=PERSON status=OK
token="Flores da Cunha" file=1601.conllu sent_id=1 tipo=PERSON status=OK
token="Borges de Medeiros" file=1601.conllu sent_id=18 tipo=PERSON status=OK
token="1924 e 1926" file=1601.conllu sent_id=94 tipo=TIME status=OK
token="Flores da Cunha" file=1601.conllu sent_id=1 tipo=PERSON status=OK
token="Nepomuceno Saraiva" file=1601.conllu sent_id=40 tipo=PERSON status=OK
token="Herculano de Freitas" file=1601.conllu sent_id=8 tipo=PERSON status=OK
token="Borges de Medeiros" file=1601.conllu sent_id=18 tipo=PERSON status=OK
token="Flores da Cunha" file=1601.conllu sent_id=1 tipo=PERSON status=OK
token="Herculano de Freitas" file=1601.conllu sent_id=8 tipo=PERSON status=OK
token="Flores da Cunha" file=1601.conllu sent_id=1 tipo=PERSON status=OK
token="Flores da Cunha" file=1601.conllu sent_id=1 tipo=PERSON status=OK
token="Flores da Cunha" file=1601.conllu sent_id=1 tipo=PERSON status=OK
token="Flores da Cunha" file=1601.conllu sent_id=1 tipo=PERSON status=OK
token="Flores da Cunha" file=1601.conllu sent_id=1 tipo=PERSON status=OK
token="Borges de Medeiros" file=1601.conllu sent_id=18 tipo=PERSON status=OK
token="Paim Filho" file=1601.conllu sent_id=92 tipo=PERSON status=OK
token="1º de janeiro" file=1601.conllu sent_id=129 tipo=TIME status=OK
token="Flores da Cunha" file=1601.conllu sent_id=1 tipo=PERSON status=OK
token="Borges de Medeiros" file=1601.conllu sent_id=18 tipo=PERSON status=OK
token="19 de março" file=1601.conllu sent_id=133 tipo=TIME status=OK
token="Borges de Medeiros" file=1601.conllu sent_id=18 tipo=PERSON status=OK
token="Virgílio de Melo Franco" file=1601.conllu sent_id=135 tipo=PERSON status=OK
token="26 de março" file=1601.conllu sent_id=137 tipo=TIME status=OK
token="Flores da Cunha" file=1601.conllu sent_id=1 tipo=PERSON status=OK
token="Maurício Cardoso" file=1601.conllu sent_id=92 tipo=PERSON status=OK
token="Borges de Medeiros" file=1601.conllu sent_id=18 tipo=PERSON status=OK
token="Borges de Medeiros" file=1601.conllu sent_id=18 tipo=PERSON status=OK
token="Cunha e João Neves" file=1601.conllu sent_id=112 tipo=ORGANIZATION status=OK
token="Virgílio de Melo Franco" file=1601.conllu sent_id=135 tipo=PERSON status=OK
token="27 de junho" file=1601.conllu sent_id=150 tipo=TIME status=OK
token="26 de julho" file=1601.conllu sent_id=153 tipo=TIME status=OK
token="Flores da Cunha" file=1601.conllu sent_id=1 tipo=PERSON status=OK
token="Virgílio de Melo Franco" file=1601.conllu sent_id=135 tipo=PERSON status=OK
token="Flores da Cunha" file=1601.conllu sent_id=1 tipo=PERSON status=OK
token="Borges de Medeiros" file=1601.conllu sent_id=18 tipo=PERSON status=OK
token="Flores da Cunha" file=1601.conllu sent_id=1 tipo=PERSON status=OK
token="Virgílio de Melo Franco" file=1601.conllu sent_id=135 tipo=PERSON status=OK
token="Borges de Medeiros" file=1601.conllu sent_id=18 tipo=PERSON status=OK
token="Flores da Cunha" file=1601.conllu sent_id=1 tipo=PERSON status=OK
token="5 de março de 1880" file=1601.conllu sent_id=1 tipo=TIME status=OK
token="Agenor Barcelos Feio" file=1601.conllu sent_id=163 tipo=PERSON status=OK
token="Alcides Etchegoyen" file=1601.conllu sent_id=81 tipo=PERSON status=OK
token="11 de outubro" file=1601.conllu sent_id=170 tipo=TIME status=OK
token="Flores da Cunha" file=1601.conllu sent_id=1 tipo=PERSON status=OK
token="24 de outubro" file=1601.conllu sent_id=173 tipo=TIME status=OK
token="Arnaldo de Sousa Pais de Andrade" file=1601.conllu sent_id=175 tipo=PERSON status=OK
token="Borges de Medeiros" file=1601.conllu sent_id=18 tipo=PERSON status=OK
token="Flores da Cunha" file=1601.conllu sent_id=1 tipo=PERSON status=OK
token="Batista Luzardo" file=1601.conllu sent_id=135 tipo=PERSON status=OK
token="Pais de Andrade" file=1601.conllu sent_id=175 tipo=PERSON status=OK
token="28 de outubro" file=1601.conllu sent_id=177 tipo=TIME status=OK
token="Lei nº 19.398" file=1601.conllu sent_id=177 tipo=LAW status=ERROR_EXEC
token="Flores da Cunha" file=1601.conllu sent_id=1 tipo=PERSON status=OK
token="Flores da Cunha" file=1601.conllu sent_id=1 tipo=PERSON status=OK
token="Flores da Cunha" file=1601.conllu sent_id=1 tipo=PERSON status=OK
token="Flores da Cunha" file=1601.conllu sent_id=1 tipo=PERSON status=OK
token="Grandense de Carnes" file=1601.conllu sent_id=1 tipo=LOCAL status=ERROR_EXEC
token="Bento Ribeiro" file=1601.conllu sent_id=16 tipo=PERSON status=OK
token="Flores da Cunha" file=1601.conllu sent_id=1 tipo=PERSON status=OK
token="Flores da Cunha" file=1601.conllu sent_id=1 tipo=PERSON status=OK
token="Flores da Cunha" file=1601.conllu sent_id=1 tipo=PERSON status=OK
token="Flores da Cunha" file=1601.conllu sent_id=1 tipo=PERSON status=OK
token="25 de novembro" file=1601.conllu sent_id=215 tipo=TIME status=OK
token="Flores da Cunha" file=1601.conllu sent_id=1 tipo=PERSON status=OK
token="Borges de Medeiros" file=1601.conllu sent_id=18 tipo=PERSON status=OK
token="Pinheiro Machado" file=1601.conllu sent_id=17 tipo=PERSON status=OK
token="Flores da Cunha" file=1601.conllu sent_id=1 tipo=PERSON status=OK
token="Flores da Cunha" file=1601.conllu sent_id=1 tipo=PERSON status=OK
token="Flores da Cunha" file=1601.conllu sent_id=1 tipo=PERSON status=OK
token="Borges de Medeiros" file=1601.conllu sent_id=18 tipo=PERSON status=OK
token="Flores da Cunha" file=1601.conllu sent_id=1 tipo=PERSON status=OK
token="mês depois" file=1601.conllu sent_id=235 tipo=TIME status=OK
token="24 de fevereiro" file=1601.conllu sent_id=238 tipo=TIME status=OK
token="Maurício Cardoso" file=1601.conllu sent_id=92 tipo=PERSON status=OK
token="Batista Luzardo" file=1601.conllu sent_id=135 tipo=PERSON status=OK
token="Borges de Medeiros" file=1601.conllu sent_id=18 tipo=PERSON status=OK
token="Flores da Cunha" file=1601.conllu sent_id=1 tipo=PERSON status=OK
token="Borges de Medeiros" file=1601.conllu sent_id=18 tipo=PERSON status=OK
token="2 de março" file=1601.conllu sent_id=243 tipo=TIME status=OK
token="Borges de Medeiros" file=1601.conllu sent_id=18 tipo=PERSON status=OK
token="Flores da Cunha" file=1601.conllu sent_id=1 tipo=PERSON status=OK
token="Borges de Medeiros" file=1601.conllu sent_id=18 tipo=PERSON status=OK
token="27 de maio" file=1601.conllu sent_id=252 tipo=TIME status=OK
token="Flores da Cunha" file=1601.conllu sent_id=1 tipo=PERSON status=OK
token="Euclides Figueiredo" file=1601.conllu sent_id=254 tipo=PERSON status=OK
token="Pacto de Pedras Altas" file=1601.conllu sent_id=57 tipo=ORGANIZATION status=OK
token="Flores da Cunha" file=1601.conllu sent_id=1 tipo=PERSON status=OK
token="Borges de Medeiros" file=1601.conllu sent_id=18 tipo=PERSON status=OK
token="Borges de Medeiros" file=1601.conllu sent_id=18 tipo=PERSON status=OK
token="Borges de Medeiros" file=1601.conllu sent_id=18 tipo=PERSON status=OK
token="9 de julho" file=1601.conllu sent_id=264 tipo=TIME status=OK
token="Borges de Medeiros" file=1601.conllu sent_id=18 tipo=PERSON status=OK
token="Flores da Cunha" file=1601.conllu sent_id=1 tipo=PERSON status=OK
token="Borges de Medeiros" file=1601.conllu sent_id=18 tipo=PERSON status=OK
token="Flores da Cunha de" file=1601.conllu sent_id=190 tipo=PERSON status=OK
token="Borges de Medeiros" file=1601.conllu sent_id=18 tipo=PERSON status=OK
token="Batista Luzardo" file=1601.conllu sent_id=135 tipo=PERSON status=OK
token="Flores da Cunha" file=1601.conllu sent_id=1 tipo=PERSON status=OK
token="Flores da Cunha" file=1601.conllu sent_id=1 tipo=PERSON status=OK
token="Borges de Medeiros" file=1601.conllu sent_id=18 tipo=PERSON status=OK
token="Borges de Medeiros" file=1601.conllu sent_id=18 tipo=PERSON status=OK
token="Flores da Cunha" file=1601.conllu sent_id=1 tipo=PERSON status=OK
token="Pacto de Pedras Altas" file=1601.conllu sent_id=57 tipo=ORGANIZATION status=OK
token="Flores da Cunha" file=1601.conllu sent_id=1 tipo=PERSON status=OK
token="Borges de Medeiros" file=1601.conllu sent_id=18 tipo=PERSON status=OK
token="Borges de Medeiros" file=1601.conllu sent_id=18 tipo=PERSON status=OK
token="Borges de Medeiros" file=1601.conllu sent_id=18 tipo=PERSON status=OK
token="São Borja" file=1601.conllu sent_id=64 tipo=LOCAL status=OK
token="17 de outubro de 1925" file=1912.conllu sent_id=1 tipo=TIME status=OK
token="Planejamento Administrativo do Estado-Maior da Armada" file=1912.conllu sent_id=18 tipo=ORGANIZATION status=OK
token="Turismo e Desporto" file=11525.conllu sent_id=11 tipo=ORGANIZATION status=OK
token="Abastecimento e Desenvolvimento Rural" file=11525.conllu sent_id=11 tipo=ORGANIZATION status=OK
token="28 de setembro de 1940" file=11525.conllu sent_id=1 tipo=TIME status=OK
token="Agricultura e Política Rural" file=11525.conllu sent_id=11 tipo=ORGANIZATION status=OK
token="Abastecimento e Desenvolvimento Rural" file=11525.conllu sent_id=11 tipo=ORGANIZATION status=OK
token="Eros Grau" file=11525.conllu sent_id=17 tipo=PERSON status=OK
token="e Comércio do Brasil" file=4384.conllu sent_id=26 tipo=ORGANIZATION status=OK
token="Promotion et" file=4384.conllu sent_id=32 tipo=ORGANIZATION status=OK
token="Protection des Investissements Privés" file=4384.conllu sent_id=32 tipo=PERSON status=OK
token="17 de junho de 1991" file=4384.conllu sent_id=34 tipo=TIME status=OK
token="Congresso Nacional de Estudantes" file=4384.conllu sent_id=5 tipo=ORGANIZATION status=OK
token="31 de agosto de 1915" file=4384.conllu sent_id=1 tipo=TIME status=OK
token="Pupo Neto" file=4384.conllu sent_id=1 tipo=PERSON status=OK
token="Latino-Americana de Desenvolvimento Econômico" file=4384.conllu sent_id=22 tipo=ORGANIZATION status=OK
token="Café Filho" file=689.conllu sent_id=22 tipo=PERSON status=OK
token="Carlos Luz" file=689.conllu sent_id=22 tipo=PERSON status=OK
token="30 daquele" file=689.conllu sent_id=46 tipo=TIME status=OK
token="Santos onde" file=689.conllu sent_id=48 tipo=LOCAL status=OK
token="27 daquele mês" file=689.conllu sent_id=61 tipo=TIME status=OK
token="1941 a viagem de" file=689.conllu sent_id=6 tipo=TIME status=OK
token="São José dos Campos" file=689.conllu sent_id=67 tipo=LOCAL status=OK
token="Faria Lima" file=689.conllu sent_id=65 tipo=PERSON status=OK
token="Faria Lima" file=689.conllu sent_id=65 tipo=PERSON status=OK
token="Faria Lima" file=689.conllu sent_id=65 tipo=PERSON status=OK
token="8 de janeiro de 1919" file=689.conllu sent_id=1 tipo=TIME status=OK
token="1948 e 1949" file=689.conllu sent_id=12 tipo=TIME status=OK
token="Carlos Luz" file=689.conllu sent_id=22 tipo=PERSON status=OK
token="João Café Filho" file=689.conllu sent_id=22 tipo=PERSON status=OK
token="Edmundo Jordão Amorim" file=689.conllu sent_id=23 tipo=PERSON status=OK
token="Comissão de Fiscalização Financeira e Controle" file=269.conllu sent_id=37 tipo=ORGANIZATION status=OK
token="Mendonça Filho" file=269.conllu sent_id=41 tipo=PERSON status=OK
token="Comissão de Fiscalização Financeira e Controle" file=269.conllu sent_id=37 tipo=ORGANIZATION status=OK
token="17 de dezembro de 1938" file=269.conllu sent_id=1 tipo=TIME status=OK
token="Comércio de Veículos Pesados Ltda" file=269.conllu sent_id=14 tipo=ORGANIZATION status=OK
token="Planejamento e Economia" file=269.conllu sent_id=22 tipo=ORGANIZATION status=OK
token="1957 a 1960" file=3380.conllu sent_id=2 tipo=TIME status=OK
token="15 de março" file=3380.conllu sent_id=30 tipo=TIME status=OK
token="Comissão de Constituição e Justiça" file=3380.conllu sent_id=6 tipo=ORGANIZATION status=OK
token="16 de setembro de 1945" file=3380.conllu sent_id=1 tipo=TIME status=OK
token="Chagas Freitas" file=3380.conllu sent_id=5 tipo=PERSON status=OK
token="Comissão de Constituição e Justiça" file=3380.conllu sent_id=6 tipo=ORGANIZATION status=OK
token="Comissão de Constituição e Justiça" file=3380.conllu sent_id=6 tipo=ORGANIZATION status=OK
token="Luís Carlos Prestes" file=5836.conllu sent_id=8 tipo=PERSON status=OK
token="Revolução Constitucionalista" file=5836.conllu sent_id=30 tipo=EVENT status=OK
token="19 de junho de 1920" file=5130.conllu sent_id=1 tipo=TIME status=OK
token="janeiro/fevereiro de 1997" file=2616.conllu sent_id=1 tipo=TIME status=ERROR_EXEC
token="26 de outubro de 1949" file=2616.conllu sent_id=1 tipo=TIME status=OK
token="Popular de Saúde" file=2616.conllu sent_id=8 tipo=ORGANIZATION status=OK
token="10 de novembro de 1937" file=2083.conllu sent_id=9 tipo=TIME status=OK
token="15 de maio de 1899" file=2083.conllu sent_id=1 tipo=TIME status=OK
token="1º de dezembro de 1967" file=2083.conllu sent_id=14 tipo=TIME status=OK
token="Turíbio da Silveira Fontes" file=2083.conllu sent_id=1 tipo=ORGANIZATION status=OK
token="Rosa do Nascimento Fontes" file=2083.conllu sent_id=1 tipo=ORGANIZATION status=OK
token="22 de maio de 1904" file=3986.conllu sent_id=1 tipo=TIME status=OK
token="março de 1963 a 1965" file=3986.conllu sent_id=12 tipo=TIME status=OK
token="13 de julho de 1941" file=5567.conllu sent_id=47 tipo=TIME status=OK
token="1º de novembro de 1889" file=5567.conllu sent_id=9 tipo=TIME status=OK
token="14 de julho de 1870" file=5567.conllu sent_id=1 tipo=TIME status=OK
token="Secretaria de Justiça e Segurança Pública" file=5567.conllu sent_id=19 tipo=ORGANIZATION status=OK
token="Associação Comercial de Santos e" file=5567.conllu sent_id=22 tipo=ORGANIZATION status=OK
token="Sampaio Vidal" file=5567.conllu sent_id=1 tipo=PERSON status=OK
token="Rodrigues Alves" file=5567.conllu sent_id=19 tipo=PERSON status=OK
token="Sampaio Vidal" file=5567.conllu sent_id=1 tipo=PERSON status=OK
token="Sampaio Vidal" file=5567.conllu sent_id=1 tipo=PERSON status=OK
token="Sampaio Vidal" file=5567.conllu sent_id=1 tipo=PERSON status=OK
token="Sampaio Vidal" file=5567.conllu sent_id=1 tipo=PERSON status=OK
token="Indústria, Comércio e Mineração do Estado da Bahia" file=1292.conllu sent_id=1 tipo=ORGANIZATION status=ERROR_EXEC
token="Licht und elektronenmikroskopische aspekte zür pathogenese der sogenannten asteroiden korperchen in der arteriellen gefassen der pferdes" file=1292.conllu sent_id=39 tipo=DOC status=OK
token="26 de fevereiro de 1951" file=1292.conllu sent_id=1 tipo=TIME status=OK
token="Planos, Orçamentos Públicos e Fiscalização" file=1292.conllu sent_id=1 tipo=ORGANIZATION status=ERROR_EXEC
token="Meio Ambiente e Minorias" file=1292.conllu sent_id=21 tipo=ORGANIZATION status=OK
token="janeiro/fevereiro de 1997" file=1292.conllu sent_id=21 tipo=TIME status=ERROR_EXEC
token="São Bernardo do Campo" file=5002.conllu sent_id=5 tipo=LOCAL status=OK
token="Jânio Quadros" file=5002.conllu sent_id=10 tipo=PERSON status=OK
token="20 de abril de 1930" file=5002.conllu sent_id=1 tipo=TIME status=OK
token="2 de outubro" file=5002.conllu sent_id=16 tipo=TIME status=OK
token="Herculano de Carvalho e Silva" file=4528.conllu sent_id=39 tipo=PERSON status=OK
